{"meta": {"format": 3, "version": "7.9.2", "timestamp": "2025-07-12T11:25:43.587367", "branch_coverage": false, "show_contexts": false}, "files": {"src/refnet_summarizer/__init__.py": {"executed_lines": [0], "summary": {"covered_lines": 0, "num_statements": 0, "percent_covered": 100.0, "percent_covered_display": "100", "missing_lines": 0, "excluded_lines": 0}, "missing_lines": [], "excluded_lines": [], "functions": {"": {"executed_lines": [], "summary": {"covered_lines": 0, "num_statements": 0, "percent_covered": 100.0, "percent_covered_display": "100", "missing_lines": 0, "excluded_lines": 0}, "missing_lines": [], "excluded_lines": []}}, "classes": {"": {"executed_lines": [], "summary": {"covered_lines": 0, "num_statements": 0, "percent_covered": 100.0, "percent_covered_display": "100", "missing_lines": 0, "excluded_lines": 0}, "missing_lines": [], "excluded_lines": []}}}, "src/refnet_summarizer/celery_app.py": {"executed_lines": [], "summary": {"covered_lines": 0, "num_statements": 2, "percent_covered": 0.0, "percent_covered_display": "0", "missing_lines": 2, "excluded_lines": 0}, "missing_lines": [3, 6], "excluded_lines": [], "functions": {"": {"executed_lines": [], "summary": {"covered_lines": 0, "num_statements": 2, "percent_covered": 0.0, "percent_covered_display": "0", "missing_lines": 2, "excluded_lines": 0}, "missing_lines": [3, 6], "excluded_lines": []}}, "classes": {"": {"executed_lines": [], "summary": {"covered_lines": 0, "num_statements": 2, "percent_covered": 0.0, "percent_covered_display": "0", "missing_lines": 2, "excluded_lines": 0}, "missing_lines": [3, 6], "excluded_lines": []}}}, "src/refnet_summarizer/clients/__init__.py": {"executed_lines": [0], "summary": {"covered_lines": 0, "num_statements": 0, "percent_covered": 100.0, "percent_covered_display": "100", "missing_lines": 0, "excluded_lines": 0}, "missing_lines": [], "excluded_lines": [], "functions": {"": {"executed_lines": [], "summary": {"covered_lines": 0, "num_statements": 0, "percent_covered": 100.0, "percent_covered_display": "100", "missing_lines": 0, "excluded_lines": 0}, "missing_lines": [], "excluded_lines": []}}, "classes": {"": {"executed_lines": [], "summary": {"covered_lines": 0, "num_statements": 0, "percent_covered": 100.0, "percent_covered_display": "100", "missing_lines": 0, "excluded_lines": 0}, "missing_lines": [], "excluded_lines": []}}}, "src/refnet_summarizer/clients/ai_client.py": {"executed_lines": [1, 3, 4, 5, 6, 8, 9, 10, 11, 12, 13, 15, 16, 19, 20, 22, 23, 27, 28, 33, 34, 36, 38, 40, 45, 47, 48, 71, 72, 73, 75, 80, 82, 83, 84, 85, 88, 89, 90, 92, 97, 99, 100, 119, 120, 123, 124, 126, 127, 129, 130, 131, 134, 135, 137, 139, 141, 146, 148, 149, 165, 166, 167, 170, 173, 178, 180, 181, 182, 183, 186, 187, 188, 190, 195, 197, 198, 228, 229, 230, 233, 234, 236, 238, 239, 241, 243, 244, 250, 252, 253, 254, 256, 261, 263, 265, 266, 267, 269, 271, 277, 284, 288, 289, 292, 297, 301, 310, 315, 317, 319, 320, 321, 323, 324, 330, 337, 338, 339, 341, 342, 345, 346, 348, 349, 352, 359, 362, 364, 365, 366, 367, 368, 369, 370, 372, 373, 374, 375, 376, 377, 378, 380], "summary": {"covered_lines": 134, "num_statements": 165, "percent_covered": 81.21212121212122, "percent_covered_display": "81", "missing_lines": 31, "excluded_lines": 8}, "missing_lines": [86, 87, 121, 169, 171, 184, 185, 214, 215, 216, 218, 219, 220, 222, 223, 225, 226, 251, 285, 286, 290, 303, 304, 305, 306, 307, 308, 343, 354, 355, 356], "excluded_lines": [22, 23, 24, 25, 27, 28, 29, 30], "functions": {"AIClient.generate_summary": {"executed_lines": [], "summary": {"covered_lines": 0, "num_statements": 0, "percent_covered": 100.0, "percent_covered_display": "100", "missing_lines": 0, "excluded_lines": 2}, "missing_lines": [], "excluded_lines": [24, 25]}, "AIClient.extract_keywords": {"executed_lines": [], "summary": {"covered_lines": 0, "num_statements": 0, "percent_covered": 100.0, "percent_covered_display": "100", "missing_lines": 0, "excluded_lines": 2}, "missing_lines": [], "excluded_lines": [29, 30]}, "OpenAIClient.__init__": {"executed_lines": [38], "summary": {"covered_lines": 1, "num_statements": 1, "percent_covered": 100.0, "percent_covered_display": "100", "missing_lines": 0, "excluded_lines": 0}, "missing_lines": [], "excluded_lines": []}, "OpenAIClient.generate_summary": {"executed_lines": [47, 48, 71, 72, 73, 75, 80, 82, 83, 84, 85, 88, 89, 90], "summary": {"covered_lines": 14, "num_statements": 16, "percent_covered": 87.5, "percent_covered_display": "88", "missing_lines": 2, "excluded_lines": 0}, "missing_lines": [86, 87], "excluded_lines": []}, "OpenAIClient.extract_keywords": {"executed_lines": [99, 100, 119, 120, 123, 124, 126, 127, 129, 130, 131], "summary": {"covered_lines": 11, "num_statements": 12, "percent_covered": 91.66666666666667, "percent_covered_display": "92", "missing_lines": 1, "excluded_lines": 0}, "missing_lines": [121], "excluded_lines": []}, "AnthropicClient.__init__": {"executed_lines": [139], "summary": {"covered_lines": 1, "num_statements": 1, "percent_covered": 100.0, "percent_covered_display": "100", "missing_lines": 0, "excluded_lines": 0}, "missing_lines": [], "excluded_lines": []}, "AnthropicClient.generate_summary": {"executed_lines": [148, 149, 165, 166, 167, 170, 173, 178, 180, 181, 182, 183, 186, 187, 188], "summary": {"covered_lines": 15, "num_statements": 19, "percent_covered": 78.94736842105263, "percent_covered_display": "79", "missing_lines": 4, "excluded_lines": 0}, "missing_lines": [169, 171, 184, 185], "excluded_lines": []}, "AnthropicClient.extract_keywords": {"executed_lines": [197, 198, 228, 229, 230], "summary": {"covered_lines": 5, "num_statements": 15, "percent_covered": 33.333333333333336, "percent_covered_display": "33", "missing_lines": 10, "excluded_lines": 0}, "missing_lines": [214, 215, 216, 218, 219, 220, 222, 223, 225, 226], "excluded_lines": []}, "ClaudeCodeClient.__init__": {"executed_lines": [238, 239], "summary": {"covered_lines": 2, "num_statements": 2, "percent_covered": 100.0, "percent_covered_display": "100", "missing_lines": 0, "excluded_lines": 0}, "missing_lines": [], "excluded_lines": []}, "ClaudeCodeClient._check_claude_availability": {"executed_lines": [243, 244, 250, 252, 253, 254], "summary": {"covered_lines": 6, "num_statements": 7, "percent_covered": 85.71428571428571, "percent_covered_display": "86", "missing_lines": 1, "excluded_lines": 0}, "missing_lines": [251], "excluded_lines": []}, "ClaudeCodeClient.generate_summary": {"executed_lines": [263, 265, 266, 267, 269, 271, 277, 284, 288, 289, 292, 297, 301], "summary": {"covered_lines": 13, "num_statements": 22, "percent_covered": 59.09090909090909, "percent_covered_display": "59", "missing_lines": 9, "excluded_lines": 0}, "missing_lines": [285, 286, 290, 303, 304, 305, 306, 307, 308], "excluded_lines": []}, "ClaudeCodeClient.extract_keywords": {"executed_lines": [317, 319, 320, 321, 323, 324, 330, 337, 338, 339, 341, 342, 345, 346, 348, 349, 352], "summary": {"covered_lines": 17, "num_statements": 21, "percent_covered": 80.95238095238095, "percent_covered_display": "81", "missing_lines": 4, "excluded_lines": 0}, "missing_lines": [343, 354, 355, 356], "excluded_lines": []}, "create_ai_client": {"executed_lines": [362, 364, 365, 366, 367, 368, 369, 370, 372, 373, 374, 375, 376, 377, 378, 380], "summary": {"covered_lines": 16, "num_statements": 16, "percent_covered": 100.0, "percent_covered_display": "100", "missing_lines": 0, "excluded_lines": 0}, "missing_lines": [], "excluded_lines": []}, "": {"executed_lines": [1, 3, 4, 5, 6, 8, 9, 10, 11, 12, 13, 15, 16, 19, 20, 22, 23, 27, 28, 33, 34, 36, 40, 45, 92, 97, 134, 135, 137, 141, 146, 190, 195, 233, 234, 236, 241, 256, 261, 310, 315, 359], "summary": {"covered_lines": 33, "num_statements": 33, "percent_covered": 100.0, "percent_covered_display": "100", "missing_lines": 0, "excluded_lines": 4}, "missing_lines": [], "excluded_lines": [22, 23, 27, 28]}}, "classes": {"AIClient": {"executed_lines": [], "summary": {"covered_lines": 0, "num_statements": 0, "percent_covered": 100.0, "percent_covered_display": "100", "missing_lines": 0, "excluded_lines": 4}, "missing_lines": [], "excluded_lines": [24, 25, 29, 30]}, "OpenAIClient": {"executed_lines": [38, 47, 48, 71, 72, 73, 75, 80, 82, 83, 84, 85, 88, 89, 90, 99, 100, 119, 120, 123, 124, 126, 127, 129, 130, 131], "summary": {"covered_lines": 26, "num_statements": 29, "percent_covered": 89.65517241379311, "percent_covered_display": "90", "missing_lines": 3, "excluded_lines": 0}, "missing_lines": [86, 87, 121], "excluded_lines": []}, "AnthropicClient": {"executed_lines": [139, 148, 149, 165, 166, 167, 170, 173, 178, 180, 181, 182, 183, 186, 187, 188, 197, 198, 228, 229, 230], "summary": {"covered_lines": 21, "num_statements": 35, "percent_covered": 60.0, "percent_covered_display": "60", "missing_lines": 14, "excluded_lines": 0}, "missing_lines": [169, 171, 184, 185, 214, 215, 216, 218, 219, 220, 222, 223, 225, 226], "excluded_lines": []}, "ClaudeCodeClient": {"executed_lines": [238, 239, 243, 244, 250, 252, 253, 254, 263, 265, 266, 267, 269, 271, 277, 284, 288, 289, 292, 297, 301, 317, 319, 320, 321, 323, 324, 330, 337, 338, 339, 341, 342, 345, 346, 348, 349, 352], "summary": {"covered_lines": 38, "num_statements": 52, "percent_covered": 73.07692307692308, "percent_covered_display": "73", "missing_lines": 14, "excluded_lines": 0}, "missing_lines": [251, 285, 286, 290, 303, 304, 305, 306, 307, 308, 343, 354, 355, 356], "excluded_lines": []}, "": {"executed_lines": [1, 3, 4, 5, 6, 8, 9, 10, 11, 12, 13, 15, 16, 19, 20, 22, 23, 27, 28, 33, 34, 36, 40, 45, 92, 97, 134, 135, 137, 141, 146, 190, 195, 233, 234, 236, 241, 256, 261, 310, 315, 359, 362, 364, 365, 366, 367, 368, 369, 370, 372, 373, 374, 375, 376, 377, 378, 380], "summary": {"covered_lines": 49, "num_statements": 49, "percent_covered": 100.0, "percent_covered_display": "100", "missing_lines": 0, "excluded_lines": 4}, "missing_lines": [], "excluded_lines": [22, 23, 27, 28]}}}, "src/refnet_summarizer/main.py": {"executed_lines": [1, 3, 4, 6, 8, 10, 13, 15, 16, 17, 18, 20, 23, 25, 26, 27, 28, 29, 31, 33, 34, 35, 36, 38, 39, 41, 42, 43, 45, 46, 49, 50, 53], "summary": {"covered_lines": 31, "num_statements": 31, "percent_covered": 100.0, "percent_covered_display": "100", "missing_lines": 0, "excluded_lines": 2}, "missing_lines": [], "excluded_lines": [53, 54], "functions": {"summarize_paper": {"executed_lines": [15, 16, 17, 18, 20], "summary": {"covered_lines": 5, "num_statements": 5, "percent_covered": 100.0, "percent_covered_display": "100", "missing_lines": 0, "excluded_lines": 0}, "missing_lines": [], "excluded_lines": []}, "main": {"executed_lines": [25, 26, 27, 28, 29, 31, 33, 34, 35, 36, 38, 39, 41, 42, 43, 45, 46, 49, 50], "summary": {"covered_lines": 19, "num_statements": 19, "percent_covered": 100.0, "percent_covered_display": "100", "missing_lines": 0, "excluded_lines": 0}, "missing_lines": [], "excluded_lines": []}, "": {"executed_lines": [1, 3, 4, 6, 8, 10, 13, 23, 53], "summary": {"covered_lines": 7, "num_statements": 7, "percent_covered": 100.0, "percent_covered_display": "100", "missing_lines": 0, "excluded_lines": 2}, "missing_lines": [], "excluded_lines": [53, 54]}}, "classes": {"": {"executed_lines": [1, 3, 4, 6, 8, 10, 13, 15, 16, 17, 18, 20, 23, 25, 26, 27, 28, 29, 31, 33, 34, 35, 36, 38, 39, 41, 42, 43, 45, 46, 49, 50, 53], "summary": {"covered_lines": 31, "num_statements": 31, "percent_covered": 100.0, "percent_covered_display": "100", "missing_lines": 0, "excluded_lines": 2}, "missing_lines": [], "excluded_lines": [53, 54]}}}, "src/refnet_summarizer/processors/__init__.py": {"executed_lines": [0], "summary": {"covered_lines": 0, "num_statements": 0, "percent_covered": 100.0, "percent_covered_display": "100", "missing_lines": 0, "excluded_lines": 0}, "missing_lines": [], "excluded_lines": [], "functions": {"": {"executed_lines": [], "summary": {"covered_lines": 0, "num_statements": 0, "percent_covered": 100.0, "percent_covered_display": "100", "missing_lines": 0, "excluded_lines": 0}, "missing_lines": [], "excluded_lines": []}}, "classes": {"": {"executed_lines": [], "summary": {"covered_lines": 0, "num_statements": 0, "percent_covered": 100.0, "percent_covered_display": "100", "missing_lines": 0, "excluded_lines": 0}, "missing_lines": [], "excluded_lines": []}}}, "src/refnet_summarizer/processors/pdf_processor.py": {"executed_lines": [1, 3, 4, 6, 7, 8, 9, 11, 14, 15, 17, 19, 24, 26, 27, 28, 31, 32, 33, 34, 36, 37, 39, 42, 43, 44, 46, 48, 49, 50, 51, 53, 54, 55, 57, 58, 59, 60, 61, 67, 69, 70, 71, 73, 75, 76, 77, 78, 80, 81, 83, 84, 85, 86, 87, 93, 95, 96, 97, 99, 102, 105, 106, 107, 110, 111, 113, 115, 118, 121, 122, 123, 125, 126, 127, 128, 129, 131, 132, 133, 136, 137, 139, 141, 143, 145, 147], "summary": {"covered_lines": 85, "num_statements": 91, "percent_covered": 93.4065934065934, "percent_covered_display": "93", "missing_lines": 6, "excluded_lines": 0}, "missing_lines": [40, 41, 62, 63, 88, 89], "excluded_lines": [], "functions": {"PDFProcessor.__init__": {"executed_lines": [19], "summary": {"covered_lines": 1, "num_statements": 1, "percent_covered": 100.0, "percent_covered_display": "100", "missing_lines": 0, "excluded_lines": 0}, "missing_lines": [], "excluded_lines": []}, "PDFProcessor.download_pdf": {"executed_lines": [26, 27, 28, 31, 32, 33, 34, 36, 37, 39, 42, 43, 44], "summary": {"covered_lines": 13, "num_statements": 15, "percent_covered": 86.66666666666667, "percent_covered_display": "87", "missing_lines": 2, "excluded_lines": 0}, "missing_lines": [40, 41], "excluded_lines": []}, "PDFProcessor.extract_text_pypdf": {"executed_lines": [48, 49, 50, 51, 53, 54, 55, 57, 58, 59, 60, 61, 67, 69, 70, 71], "summary": {"covered_lines": 16, "num_statements": 18, "percent_covered": 88.88888888888889, "percent_covered_display": "89", "missing_lines": 2, "excluded_lines": 0}, "missing_lines": [62, 63], "excluded_lines": []}, "PDFProcessor.extract_text_pdfplumber": {"executed_lines": [75, 76, 77, 78, 80, 81, 83, 84, 85, 86, 87, 93, 95, 96, 97], "summary": {"covered_lines": 15, "num_statements": 17, "percent_covered": 88.23529411764706, "percent_covered_display": "88", "missing_lines": 2, "excluded_lines": 0}, "missing_lines": [88, 89], "excluded_lines": []}, "PDFProcessor.extract_text": {"executed_lines": [102, 105, 106, 107, 110, 111, 113], "summary": {"covered_lines": 7, "num_statements": 7, "percent_covered": 100.0, "percent_covered_display": "100", "missing_lines": 0, "excluded_lines": 0}, "missing_lines": [], "excluded_lines": []}, "PDFProcessor._clean_text": {"executed_lines": [118, 121, 122, 123, 125, 126, 127, 128, 129, 131, 132, 133, 136, 137, 139], "summary": {"covered_lines": 15, "num_statements": 15, "percent_covered": 100.0, "percent_covered_display": "100", "missing_lines": 0, "excluded_lines": 0}, "missing_lines": [], "excluded_lines": []}, "PDFProcessor.calculate_hash": {"executed_lines": [143], "summary": {"covered_lines": 1, "num_statements": 1, "percent_covered": 100.0, "percent_covered_display": "100", "missing_lines": 0, "excluded_lines": 0}, "missing_lines": [], "excluded_lines": []}, "PDFProcessor.close": {"executed_lines": [147], "summary": {"covered_lines": 1, "num_statements": 1, "percent_covered": 100.0, "percent_covered_display": "100", "missing_lines": 0, "excluded_lines": 0}, "missing_lines": [], "excluded_lines": []}, "": {"executed_lines": [1, 3, 4, 6, 7, 8, 9, 11, 14, 15, 17, 24, 46, 73, 99, 115, 141, 145], "summary": {"covered_lines": 16, "num_statements": 16, "percent_covered": 100.0, "percent_covered_display": "100", "missing_lines": 0, "excluded_lines": 0}, "missing_lines": [], "excluded_lines": []}}, "classes": {"PDFProcessor": {"executed_lines": [19, 26, 27, 28, 31, 32, 33, 34, 36, 37, 39, 42, 43, 44, 48, 49, 50, 51, 53, 54, 55, 57, 58, 59, 60, 61, 67, 69, 70, 71, 75, 76, 77, 78, 80, 81, 83, 84, 85, 86, 87, 93, 95, 96, 97, 102, 105, 106, 107, 110, 111, 113, 118, 121, 122, 123, 125, 126, 127, 128, 129, 131, 132, 133, 136, 137, 139, 143, 147], "summary": {"covered_lines": 69, "num_statements": 75, "percent_covered": 92.0, "percent_covered_display": "92", "missing_lines": 6, "excluded_lines": 0}, "missing_lines": [40, 41, 62, 63, 88, 89], "excluded_lines": []}, "": {"executed_lines": [1, 3, 4, 6, 7, 8, 9, 11, 14, 15, 17, 24, 46, 73, 99, 115, 141, 145], "summary": {"covered_lines": 16, "num_statements": 16, "percent_covered": 100.0, "percent_covered_display": "100", "missing_lines": 0, "excluded_lines": 0}, "missing_lines": [], "excluded_lines": []}}}, "src/refnet_summarizer/services/__init__.py": {"executed_lines": [0], "summary": {"covered_lines": 0, "num_statements": 0, "percent_covered": 100.0, "percent_covered_display": "100", "missing_lines": 0, "excluded_lines": 0}, "missing_lines": [], "excluded_lines": [], "functions": {"": {"executed_lines": [], "summary": {"covered_lines": 0, "num_statements": 0, "percent_covered": 100.0, "percent_covered_display": "100", "missing_lines": 0, "excluded_lines": 0}, "missing_lines": [], "excluded_lines": []}}, "classes": {"": {"executed_lines": [], "summary": {"covered_lines": 0, "num_statements": 0, "percent_covered": 100.0, "percent_covered_display": "100", "missing_lines": 0, "excluded_lines": 0}, "missing_lines": [], "excluded_lines": []}}}, "src/refnet_summarizer/services/summarizer_service.py": {"executed_lines": [1, 3, 5, 6, 7, 8, 10, 11, 13, 16, 17, 19, 21, 22, 24, 26, 27, 29, 30, 31, 32, 35, 36, 37, 40, 43, 44, 45, 46, 49, 52, 53, 54, 57, 58, 59, 64, 67, 69, 72, 73, 74, 75, 78, 81, 84, 85, 86, 87, 91, 92, 94, 100, 111, 113, 114, 115, 116, 117, 118, 120, 129, 133, 134, 135, 136, 137, 140, 141, 142, 143, 145, 147], "summary": {"covered_lines": 71, "num_statements": 76, "percent_covered": 93.42105263157895, "percent_covered_display": "93", "missing_lines": 5, "excluded_lines": 0}, "missing_lines": [102, 103, 106, 107, 109], "excluded_lines": [], "functions": {"SummarizerService.__init__": {"executed_lines": [21, 22], "summary": {"covered_lines": 2, "num_statements": 2, "percent_covered": 100.0, "percent_covered_display": "100", "missing_lines": 0, "excluded_lines": 0}, "missing_lines": [], "excluded_lines": []}, "SummarizerService.summarize_paper": {"executed_lines": [26, 27, 29, 30, 31, 32, 35, 36, 37, 40, 43, 44, 45, 46, 49, 52, 53, 54, 57, 58, 59, 64, 67, 69, 72, 73, 74, 75, 78, 81, 84, 85, 86, 87, 91, 92, 94, 100], "summary": {"covered_lines": 38, "num_statements": 43, "percent_covered": 88.37209302325581, "percent_covered_display": "88", "missing_lines": 5, "excluded_lines": 0}, "missing_lines": [102, 103, 106, 107, 109], "excluded_lines": []}, "SummarizerService._get_ai_model_name": {"executed_lines": [113, 114, 115, 116, 117, 118], "summary": {"covered_lines": 6, "num_statements": 6, "percent_covered": 100.0, "percent_covered_display": "100", "missing_lines": 0, "excluded_lines": 0}, "missing_lines": [], "excluded_lines": []}, "SummarizerService._update_processing_status": {"executed_lines": [129, 133, 134, 135, 136, 137, 140, 141, 142, 143], "summary": {"covered_lines": 10, "num_statements": 10, "percent_covered": 100.0, "percent_covered_display": "100", "missing_lines": 0, "excluded_lines": 0}, "missing_lines": [], "excluded_lines": []}, "SummarizerService.close": {"executed_lines": [147], "summary": {"covered_lines": 1, "num_statements": 1, "percent_covered": 100.0, "percent_covered_display": "100", "missing_lines": 0, "excluded_lines": 0}, "missing_lines": [], "excluded_lines": []}, "": {"executed_lines": [1, 3, 5, 6, 7, 8, 10, 11, 13, 16, 17, 19, 24, 111, 120, 145], "summary": {"covered_lines": 14, "num_statements": 14, "percent_covered": 100.0, "percent_covered_display": "100", "missing_lines": 0, "excluded_lines": 0}, "missing_lines": [], "excluded_lines": []}}, "classes": {"SummarizerService": {"executed_lines": [21, 22, 26, 27, 29, 30, 31, 32, 35, 36, 37, 40, 43, 44, 45, 46, 49, 52, 53, 54, 57, 58, 59, 64, 67, 69, 72, 73, 74, 75, 78, 81, 84, 85, 86, 87, 91, 92, 94, 100, 113, 114, 115, 116, 117, 118, 129, 133, 134, 135, 136, 137, 140, 141, 142, 143, 147], "summary": {"covered_lines": 57, "num_statements": 62, "percent_covered": 91.93548387096774, "percent_covered_display": "92", "missing_lines": 5, "excluded_lines": 0}, "missing_lines": [102, 103, 106, 107, 109], "excluded_lines": []}, "": {"executed_lines": [1, 3, 5, 6, 7, 8, 10, 11, 13, 16, 17, 19, 24, 111, 120, 145], "summary": {"covered_lines": 14, "num_statements": 14, "percent_covered": 100.0, "percent_covered_display": "100", "missing_lines": 0, "excluded_lines": 0}, "missing_lines": [], "excluded_lines": []}}}, "src/refnet_summarizer/tasks/__init__.py": {"executed_lines": [1, 3, 4, 6, 7, 8, 10, 12, 13, 16, 24, 38, 39, 41, 43, 50, 51, 52, 53, 54, 55, 56, 59, 60, 62, 64, 65, 67, 68, 70], "summary": {"covered_lines": 29, "num_statements": 33, "percent_covered": 87.87878787878788, "percent_covered_display": "88", "missing_lines": 4, "excluded_lines": 0}, "missing_lines": [44, 45, 46, 48], "excluded_lines": [], "functions": {"summarize_paper_task": {"executed_lines": [41, 43, 50, 51, 52, 53, 54, 55, 56], "summary": {"covered_lines": 9, "num_statements": 9, "percent_covered": 100.0, "percent_covered_display": "100", "missing_lines": 0, "excluded_lines": 0}, "missing_lines": [], "excluded_lines": []}, "summarize_paper_task._summarize": {"executed_lines": [], "summary": {"covered_lines": 0, "num_statements": 4, "percent_covered": 0.0, "percent_covered_display": "0", "missing_lines": 4, "excluded_lines": 0}, "missing_lines": [44, 45, 46, 48], "excluded_lines": []}, "batch_summarize_task": {"executed_lines": [62, 64, 65, 67, 68, 70], "summary": {"covered_lines": 6, "num_statements": 6, "percent_covered": 100.0, "percent_covered_display": "100", "missing_lines": 0, "excluded_lines": 0}, "missing_lines": [], "excluded_lines": []}, "": {"executed_lines": [1, 3, 4, 6, 7, 8, 10, 12, 13, 16, 24, 38, 39, 59, 60], "summary": {"covered_lines": 14, "num_statements": 14, "percent_covered": 100.0, "percent_covered_display": "100", "missing_lines": 0, "excluded_lines": 0}, "missing_lines": [], "excluded_lines": []}}, "classes": {"": {"executed_lines": [1, 3, 4, 6, 7, 8, 10, 12, 13, 16, 24, 38, 39, 41, 43, 50, 51, 52, 53, 54, 55, 56, 59, 60, 62, 64, 65, 67, 68, 70], "summary": {"covered_lines": 29, "num_statements": 33, "percent_covered": 87.87878787878788, "percent_covered_display": "88", "missing_lines": 4, "excluded_lines": 0}, "missing_lines": [44, 45, 46, 48], "excluded_lines": []}}}, "src/refnet_summarizer/tasks/summarize_task.py": {"executed_lines": [], "summary": {"covered_lines": 0, "num_statements": 38, "percent_covered": 0.0, "percent_covered_display": "0", "missing_lines": 38, "excluded_lines": 0}, "missing_lines": [3, 4, 6, 7, 8, 9, 11, 12, 14, 17, 20, 22, 23, 25, 37, 39, 41, 46, 47, 49, 50, 51, 52, 55, 56, 58, 60, 61, 62, 63, 66, 68, 69, 70, 71, 72, 73, 74], "excluded_lines": [], "functions": {"process_pending_summarizations": {"executed_lines": [], "summary": {"covered_lines": 0, "num_statements": 12, "percent_covered": 0.0, "percent_covered_display": "0", "missing_lines": 12, "excluded_lines": 0}, "missing_lines": [22, 23, 25, 37, 39, 41, 46, 47, 49, 50, 51, 52], "excluded_lines": []}, "summarize_paper": {"executed_lines": [], "summary": {"covered_lines": 0, "num_statements": 9, "percent_covered": 0.0, "percent_covered_display": "0", "missing_lines": 9, "excluded_lines": 0}, "missing_lines": [58, 60, 68, 69, 70, 71, 72, 73, 74], "excluded_lines": []}, "summarize_paper._summarize": {"executed_lines": [], "summary": {"covered_lines": 0, "num_statements": 4, "percent_covered": 0.0, "percent_covered_display": "0", "missing_lines": 4, "excluded_lines": 0}, "missing_lines": [61, 62, 63, 66], "excluded_lines": []}, "": {"executed_lines": [], "summary": {"covered_lines": 0, "num_statements": 13, "percent_covered": 0.0, "percent_covered_display": "0", "missing_lines": 13, "excluded_lines": 0}, "missing_lines": [3, 4, 6, 7, 8, 9, 11, 12, 14, 17, 20, 55, 56], "excluded_lines": []}}, "classes": {"": {"executed_lines": [], "summary": {"covered_lines": 0, "num_statements": 38, "percent_covered": 0.0, "percent_covered_display": "0", "missing_lines": 38, "excluded_lines": 0}, "missing_lines": [3, 4, 6, 7, 8, 9, 11, 12, 14, 17, 20, 22, 23, 25, 37, 39, 41, 46, 47, 49, 50, 51, 52, 55, 56, 58, 60, 61, 62, 63, 66, 68, 69, 70, 71, 72, 73, 74], "excluded_lines": []}}}}, "totals": {"covered_lines": 350, "num_statements": 436, "percent_covered": 80.27522935779817, "percent_covered_display": "80", "missing_lines": 86, "excluded_lines": 10}}