{"meta": {"format": 3, "version": "7.9.2", "timestamp": "2025-07-12T12:35:10.520294", "branch_coverage": false, "show_contexts": false}, "files": {"src/refnet_crawler/__init__.py": {"executed_lines": [0], "summary": {"covered_lines": 0, "num_statements": 0, "percent_covered": 100.0, "percent_covered_display": "100.00", "missing_lines": 0, "excluded_lines": 0}, "missing_lines": [], "excluded_lines": [], "functions": {"": {"executed_lines": [], "summary": {"covered_lines": 0, "num_statements": 0, "percent_covered": 100.0, "percent_covered_display": "100.00", "missing_lines": 0, "excluded_lines": 0}, "missing_lines": [], "excluded_lines": []}}, "classes": {"": {"executed_lines": [], "summary": {"covered_lines": 0, "num_statements": 0, "percent_covered": 100.0, "percent_covered_display": "100.00", "missing_lines": 0, "excluded_lines": 0}, "missing_lines": [], "excluded_lines": []}}}, "src/refnet_crawler/celery_app.py": {"executed_lines": [], "summary": {"covered_lines": 0, "num_statements": 2, "percent_covered": 0.0, "percent_covered_display": "0.00", "missing_lines": 2, "excluded_lines": 0}, "missing_lines": [3, 6], "excluded_lines": [], "functions": {"": {"executed_lines": [], "summary": {"covered_lines": 0, "num_statements": 2, "percent_covered": 0.0, "percent_covered_display": "0.00", "missing_lines": 2, "excluded_lines": 0}, "missing_lines": [3, 6], "excluded_lines": []}}, "classes": {"": {"executed_lines": [], "summary": {"covered_lines": 0, "num_statements": 2, "percent_covered": 0.0, "percent_covered_display": "0.00", "missing_lines": 2, "excluded_lines": 0}, "missing_lines": [3, 6], "excluded_lines": []}}}, "src/refnet_crawler/clients/__init__.py": {"executed_lines": [0], "summary": {"covered_lines": 0, "num_statements": 0, "percent_covered": 100.0, "percent_covered_display": "100.00", "missing_lines": 0, "excluded_lines": 0}, "missing_lines": [], "excluded_lines": [], "functions": {"": {"executed_lines": [], "summary": {"covered_lines": 0, "num_statements": 0, "percent_covered": 100.0, "percent_covered_display": "100.00", "missing_lines": 0, "excluded_lines": 0}, "missing_lines": [], "excluded_lines": []}}, "classes": {"": {"executed_lines": [], "summary": {"covered_lines": 0, "num_statements": 0, "percent_covered": 100.0, "percent_covered_display": "100.00", "missing_lines": 0, "excluded_lines": 0}, "missing_lines": [], "excluded_lines": []}}}, "src/refnet_crawler/clients/semantic_scholar.py": {"executed_lines": [1, 3, 4, 5, 6, 7, 9, 11, 12, 15, 16, 18, 20, 22, 23, 29, 31, 34, 35, 36, 38, 43, 47, 48, 63, 64, 67, 69, 70, 71, 73, 75, 76, 77, 78, 79, 80, 81, 83, 84, 85, 86, 87, 89, 94, 98, 99, 113, 114, 122, 124, 125, 127, 128, 129, 130, 132, 134, 135, 136, 137, 138, 139, 140, 142, 143, 144, 145, 146, 148, 153, 157, 158, 172, 173, 181, 183, 184, 186, 187, 188, 189, 191, 193, 194, 195, 196, 197, 198, 199, 201, 202, 203, 204, 205, 207, 217, 218, 232, 239, 240, 241, 242, 244, 245, 246, 248, 249, 251, 252, 254, 256, 257, 258, 259, 261, 262, 263, 264, 265, 267, 269], "summary": {"covered_lines": 120, "num_statements": 120, "percent_covered": 100.0, "percent_covered_display": "100.00", "missing_lines": 0, "excluded_lines": 0}, "missing_lines": [], "excluded_lines": [], "functions": {"SemanticScholarClient.__init__": {"executed_lines": [22, 23], "summary": {"covered_lines": 2, "num_statements": 2, "percent_covered": 100.0, "percent_covered_display": "100.00", "missing_lines": 0, "excluded_lines": 0}, "missing_lines": [], "excluded_lines": []}, "SemanticScholarClient._get_headers": {"executed_lines": [31, 34, 35, 36], "summary": {"covered_lines": 4, "num_statements": 4, "percent_covered": 100.0, "percent_covered_display": "100.00", "missing_lines": 0, "excluded_lines": 0}, "missing_lines": [], "excluded_lines": []}, "SemanticScholarClient.get_paper": {"executed_lines": [47, 48, 63, 64, 67, 69, 70, 71, 73, 75, 76, 77, 78, 79, 80, 81, 83, 84, 85, 86, 87], "summary": {"covered_lines": 21, "num_statements": 21, "percent_covered": 100.0, "percent_covered_display": "100.00", "missing_lines": 0, "excluded_lines": 0}, "missing_lines": [], "excluded_lines": []}, "SemanticScholarClient.get_paper_citations": {"executed_lines": [98, 99, 113, 114, 122, 124, 125, 127, 128, 129, 130, 132, 134, 135, 136, 137, 138, 139, 140, 142, 143, 144, 145, 146], "summary": {"covered_lines": 24, "num_statements": 24, "percent_covered": 100.0, "percent_covered_display": "100.00", "missing_lines": 0, "excluded_lines": 0}, "missing_lines": [], "excluded_lines": []}, "SemanticScholarClient.get_paper_references": {"executed_lines": [157, 158, 172, 173, 181, 183, 184, 186, 187, 188, 189, 191, 193, 194, 195, 196, 197, 198, 199, 201, 202, 203, 204, 205], "summary": {"covered_lines": 24, "num_statements": 24, "percent_covered": 100.0, "percent_covered_display": "100.00", "missing_lines": 0, "excluded_lines": 0}, "missing_lines": [], "excluded_lines": []}, "SemanticScholarClient.search_papers": {"executed_lines": [217, 218, 232, 239, 240, 241, 242, 244, 245, 246, 248, 249, 251, 252, 254, 256, 257, 258, 259, 261, 262, 263, 264, 265], "summary": {"covered_lines": 24, "num_statements": 24, "percent_covered": 100.0, "percent_covered_display": "100.00", "missing_lines": 0, "excluded_lines": 0}, "missing_lines": [], "excluded_lines": []}, "SemanticScholarClient.close": {"executed_lines": [269], "summary": {"covered_lines": 1, "num_statements": 1, "percent_covered": 100.0, "percent_covered_display": "100.00", "missing_lines": 0, "excluded_lines": 0}, "missing_lines": [], "excluded_lines": []}, "": {"executed_lines": [1, 3, 4, 5, 6, 7, 9, 11, 12, 15, 16, 18, 20, 29, 38, 43, 89, 94, 148, 153, 207, 267], "summary": {"covered_lines": 20, "num_statements": 20, "percent_covered": 100.0, "percent_covered_display": "100.00", "missing_lines": 0, "excluded_lines": 0}, "missing_lines": [], "excluded_lines": []}}, "classes": {"SemanticScholarClient": {"executed_lines": [22, 23, 31, 34, 35, 36, 47, 48, 63, 64, 67, 69, 70, 71, 73, 75, 76, 77, 78, 79, 80, 81, 83, 84, 85, 86, 87, 98, 99, 113, 114, 122, 124, 125, 127, 128, 129, 130, 132, 134, 135, 136, 137, 138, 139, 140, 142, 143, 144, 145, 146, 157, 158, 172, 173, 181, 183, 184, 186, 187, 188, 189, 191, 193, 194, 195, 196, 197, 198, 199, 201, 202, 203, 204, 205, 217, 218, 232, 239, 240, 241, 242, 244, 245, 246, 248, 249, 251, 252, 254, 256, 257, 258, 259, 261, 262, 263, 264, 265, 269], "summary": {"covered_lines": 100, "num_statements": 100, "percent_covered": 100.0, "percent_covered_display": "100.00", "missing_lines": 0, "excluded_lines": 0}, "missing_lines": [], "excluded_lines": []}, "": {"executed_lines": [1, 3, 4, 5, 6, 7, 9, 11, 12, 15, 16, 18, 20, 29, 38, 43, 89, 94, 148, 153, 207, 267], "summary": {"covered_lines": 20, "num_statements": 20, "percent_covered": 100.0, "percent_covered_display": "100.00", "missing_lines": 0, "excluded_lines": 0}, "missing_lines": [], "excluded_lines": []}}}, "src/refnet_crawler/main.py": {"executed_lines": [1, 3, 4, 6, 8, 10, 13, 15, 16, 17, 18, 20, 23, 25, 26, 27, 29, 30, 31, 33, 34, 35, 36, 38, 39, 40, 41, 42, 43, 46], "summary": {"covered_lines": 28, "num_statements": 28, "percent_covered": 100.0, "percent_covered_display": "100.00", "missing_lines": 0, "excluded_lines": 2}, "missing_lines": [], "excluded_lines": [46, 47], "functions": {"crawl_paper": {"executed_lines": [15, 16, 17, 18, 20], "summary": {"covered_lines": 5, "num_statements": 5, "percent_covered": 100.0, "percent_covered_display": "100.00", "missing_lines": 0, "excluded_lines": 0}, "missing_lines": [], "excluded_lines": []}, "main": {"executed_lines": [25, 26, 27, 29, 30, 31, 33, 34, 35, 36, 38, 39, 40, 41, 42, 43], "summary": {"covered_lines": 16, "num_statements": 16, "percent_covered": 100.0, "percent_covered_display": "100.00", "missing_lines": 0, "excluded_lines": 0}, "missing_lines": [], "excluded_lines": []}, "": {"executed_lines": [1, 3, 4, 6, 8, 10, 13, 23, 46], "summary": {"covered_lines": 7, "num_statements": 7, "percent_covered": 100.0, "percent_covered_display": "100.00", "missing_lines": 0, "excluded_lines": 2}, "missing_lines": [], "excluded_lines": [46, 47]}}, "classes": {"": {"executed_lines": [1, 3, 4, 6, 8, 10, 13, 15, 16, 17, 18, 20, 23, 25, 26, 27, 29, 30, 31, 33, 34, 35, 36, 38, 39, 40, 41, 42, 43, 46], "summary": {"covered_lines": 28, "num_statements": 28, "percent_covered": 100.0, "percent_covered_display": "100.00", "missing_lines": 0, "excluded_lines": 2}, "missing_lines": [], "excluded_lines": [46, 47]}}}, "src/refnet_crawler/models/__init__.py": {"executed_lines": [0], "summary": {"covered_lines": 0, "num_statements": 0, "percent_covered": 100.0, "percent_covered_display": "100.00", "missing_lines": 0, "excluded_lines": 0}, "missing_lines": [], "excluded_lines": [], "functions": {"": {"executed_lines": [], "summary": {"covered_lines": 0, "num_statements": 0, "percent_covered": 100.0, "percent_covered_display": "100.00", "missing_lines": 0, "excluded_lines": 0}, "missing_lines": [], "excluded_lines": []}}, "classes": {"": {"executed_lines": [], "summary": {"covered_lines": 0, "num_statements": 0, "percent_covered": 100.0, "percent_covered_display": "100.00", "missing_lines": 0, "excluded_lines": 0}, "missing_lines": [], "excluded_lines": []}}}, "src/refnet_crawler/models/paper_data.py": {"executed_lines": [1, 3, 5, 8, 9, 11, 12, 15, 16, 18, 19, 20, 21, 22, 23, 26, 27, 29, 30, 31, 34, 35, 37, 38, 39, 40, 41, 42, 43, 44, 45, 46, 47, 48, 50, 52], "summary": {"covered_lines": 31, "num_statements": 31, "percent_covered": 100.0, "percent_covered_display": "100.00", "missing_lines": 0, "excluded_lines": 0}, "missing_lines": [], "excluded_lines": [], "functions": {"SemanticScholarPaper.to_paper_create_dict": {"executed_lines": [52], "summary": {"covered_lines": 1, "num_statements": 1, "percent_covered": 100.0, "percent_covered_display": "100.00", "missing_lines": 0, "excluded_lines": 0}, "missing_lines": [], "excluded_lines": []}, "": {"executed_lines": [1, 3, 5, 8, 9, 11, 12, 15, 16, 18, 19, 20, 21, 22, 23, 26, 27, 29, 30, 31, 34, 35, 37, 38, 39, 40, 41, 42, 43, 44, 45, 46, 47, 48, 50], "summary": {"covered_lines": 30, "num_statements": 30, "percent_covered": 100.0, "percent_covered_display": "100.00", "missing_lines": 0, "excluded_lines": 0}, "missing_lines": [], "excluded_lines": []}}, "classes": {"SemanticScholarAuthor": {"executed_lines": [], "summary": {"covered_lines": 0, "num_statements": 0, "percent_covered": 100.0, "percent_covered_display": "100.00", "missing_lines": 0, "excluded_lines": 0}, "missing_lines": [], "excluded_lines": []}, "SemanticScholarVenue": {"executed_lines": [], "summary": {"covered_lines": 0, "num_statements": 0, "percent_covered": 100.0, "percent_covered_display": "100.00", "missing_lines": 0, "excluded_lines": 0}, "missing_lines": [], "excluded_lines": []}, "SemanticScholarJournal": {"executed_lines": [], "summary": {"covered_lines": 0, "num_statements": 0, "percent_covered": 100.0, "percent_covered_display": "100.00", "missing_lines": 0, "excluded_lines": 0}, "missing_lines": [], "excluded_lines": []}, "SemanticScholarPaper": {"executed_lines": [52], "summary": {"covered_lines": 1, "num_statements": 1, "percent_covered": 100.0, "percent_covered_display": "100.00", "missing_lines": 0, "excluded_lines": 0}, "missing_lines": [], "excluded_lines": []}, "": {"executed_lines": [1, 3, 5, 8, 9, 11, 12, 15, 16, 18, 19, 20, 21, 22, 23, 26, 27, 29, 30, 31, 34, 35, 37, 38, 39, 40, 41, 42, 43, 44, 45, 46, 47, 48, 50], "summary": {"covered_lines": 30, "num_statements": 30, "percent_covered": 100.0, "percent_covered_display": "100.00", "missing_lines": 0, "excluded_lines": 0}, "missing_lines": [], "excluded_lines": []}}}, "src/refnet_crawler/services/__init__.py": {"executed_lines": [0], "summary": {"covered_lines": 0, "num_statements": 0, "percent_covered": 100.0, "percent_covered_display": "100.00", "missing_lines": 0, "excluded_lines": 0}, "missing_lines": [], "excluded_lines": [], "functions": {"": {"executed_lines": [], "summary": {"covered_lines": 0, "num_statements": 0, "percent_covered": 100.0, "percent_covered_display": "100.00", "missing_lines": 0, "excluded_lines": 0}, "missing_lines": [], "excluded_lines": []}}, "classes": {"": {"executed_lines": [], "summary": {"covered_lines": 0, "num_statements": 0, "percent_covered": 100.0, "percent_covered_display": "100.00", "missing_lines": 0, "excluded_lines": 0}, "missing_lines": [], "excluded_lines": []}}}, "src/refnet_crawler/services/crawler_service.py": {"executed_lines": [1, 3, 4, 10, 11, 13, 14, 16, 19, 20, 22, 24, 26, 28, 30, 31, 32, 33, 36, 37, 40, 41, 42, 45, 47, 48, 50, 51, 54, 55, 57, 59, 62, 64, 66, 67, 68, 69, 72, 75, 78, 79, 80, 81, 84, 85, 87, 89, 91, 92, 93, 96, 100, 101, 102, 105, 107, 114, 115, 121, 125, 126, 128, 130, 139, 140, 142, 143, 145, 149, 150, 152, 154, 163, 164, 166, 167, 169, 179, 189, 190, 196, 198, 202, 203, 206, 207, 210, 211, 212, 214, 217, 219, 224, 230, 231, 232, 235, 237, 246, 250, 251, 252, 253, 254, 257, 258, 259, 260, 262, 264], "summary": {"covered_lines": 109, "num_statements": 109, "percent_covered": 100.0, "percent_covered_display": "100.00", "missing_lines": 0, "excluded_lines": 0}, "missing_lines": [], "excluded_lines": [], "functions": {"CrawlerService.__init__": {"executed_lines": [24], "summary": {"covered_lines": 1, "num_statements": 1, "percent_covered": 100.0, "percent_covered_display": "100.00", "missing_lines": 0, "excluded_lines": 0}, "missing_lines": [], "excluded_lines": []}, "CrawlerService.crawl_paper": {"executed_lines": [28, 30, 31, 32, 33, 36, 37, 40, 41, 42, 45, 47, 48, 50, 51, 54, 55, 57], "summary": {"covered_lines": 18, "num_statements": 18, "percent_covered": 100.0, "percent_covered_display": "100.00", "missing_lines": 0, "excluded_lines": 0}, "missing_lines": [], "excluded_lines": []}, "CrawlerService._save_paper_data": {"executed_lines": [62, 64, 66, 67, 68, 69, 72, 75, 78, 79, 80, 81, 84, 85, 87], "summary": {"covered_lines": 15, "num_statements": 15, "percent_covered": 100.0, "percent_covered_display": "100.00", "missing_lines": 0, "excluded_lines": 0}, "missing_lines": [], "excluded_lines": []}, "CrawlerService._save_authors": {"executed_lines": [91, 92, 93, 96, 100, 101, 102, 105, 107, 114, 115], "summary": {"covered_lines": 11, "num_statements": 11, "percent_covered": 100.0, "percent_covered_display": "100.00", "missing_lines": 0, "excluded_lines": 0}, "missing_lines": [], "excluded_lines": []}, "CrawlerService._crawl_citations": {"executed_lines": [125, 126, 128, 130, 139, 140, 142, 143], "summary": {"covered_lines": 8, "num_statements": 8, "percent_covered": 100.0, "percent_covered_display": "100.00", "missing_lines": 0, "excluded_lines": 0}, "missing_lines": [], "excluded_lines": []}, "CrawlerService._crawl_references": {"executed_lines": [149, 150, 152, 154, 163, 164, 166, 167], "summary": {"covered_lines": 8, "num_statements": 8, "percent_covered": 100.0, "percent_covered_display": "100.00", "missing_lines": 0, "excluded_lines": 0}, "missing_lines": [], "excluded_lines": []}, "CrawlerService._save_paper_relation": {"executed_lines": [179, 189, 190, 196], "summary": {"covered_lines": 4, "num_statements": 4, "percent_covered": 100.0, "percent_covered_display": "100.00", "missing_lines": 0, "excluded_lines": 0}, "missing_lines": [], "excluded_lines": []}, "CrawlerService._should_crawl_recursively": {"executed_lines": [202, 203, 206, 207, 210, 211, 212, 214, 217], "summary": {"covered_lines": 9, "num_statements": 9, "percent_covered": 100.0, "percent_covered_display": "100.00", "missing_lines": 0, "excluded_lines": 0}, "missing_lines": [], "excluded_lines": []}, "CrawlerService._queue_paper_for_crawling": {"executed_lines": [224, 230, 231, 232, 235], "summary": {"covered_lines": 5, "num_statements": 5, "percent_covered": 100.0, "percent_covered_display": "100.00", "missing_lines": 0, "excluded_lines": 0}, "missing_lines": [], "excluded_lines": []}, "CrawlerService._update_processing_status": {"executed_lines": [246, 250, 251, 252, 253, 254, 257, 258, 259, 260], "summary": {"covered_lines": 10, "num_statements": 10, "percent_covered": 100.0, "percent_covered_display": "100.00", "missing_lines": 0, "excluded_lines": 0}, "missing_lines": [], "excluded_lines": []}, "CrawlerService.close": {"executed_lines": [264], "summary": {"covered_lines": 1, "num_statements": 1, "percent_covered": 100.0, "percent_covered_display": "100.00", "missing_lines": 0, "excluded_lines": 0}, "missing_lines": [], "excluded_lines": []}, "": {"executed_lines": [1, 3, 4, 10, 11, 13, 14, 16, 19, 20, 22, 26, 59, 89, 121, 145, 169, 198, 219, 237, 262], "summary": {"covered_lines": 19, "num_statements": 19, "percent_covered": 100.0, "percent_covered_display": "100.00", "missing_lines": 0, "excluded_lines": 0}, "missing_lines": [], "excluded_lines": []}}, "classes": {"CrawlerService": {"executed_lines": [24, 28, 30, 31, 32, 33, 36, 37, 40, 41, 42, 45, 47, 48, 50, 51, 54, 55, 57, 62, 64, 66, 67, 68, 69, 72, 75, 78, 79, 80, 81, 84, 85, 87, 91, 92, 93, 96, 100, 101, 102, 105, 107, 114, 115, 125, 126, 128, 130, 139, 140, 142, 143, 149, 150, 152, 154, 163, 164, 166, 167, 179, 189, 190, 196, 202, 203, 206, 207, 210, 211, 212, 214, 217, 224, 230, 231, 232, 235, 246, 250, 251, 252, 253, 254, 257, 258, 259, 260, 264], "summary": {"covered_lines": 90, "num_statements": 90, "percent_covered": 100.0, "percent_covered_display": "100.00", "missing_lines": 0, "excluded_lines": 0}, "missing_lines": [], "excluded_lines": []}, "": {"executed_lines": [1, 3, 4, 10, 11, 13, 14, 16, 19, 20, 22, 26, 59, 89, 121, 145, 169, 198, 219, 237, 262], "summary": {"covered_lines": 19, "num_statements": 19, "percent_covered": 100.0, "percent_covered_display": "100.00", "missing_lines": 0, "excluded_lines": 0}, "missing_lines": [], "excluded_lines": []}}}, "src/refnet_crawler/tasks/__init__.py": {"executed_lines": [1, 3, 4, 6, 7, 8, 10, 12, 13, 16, 24, 38, 39, 41, 43, 50, 51, 52, 53, 59, 60, 62, 64, 65, 67, 68, 70], "summary": {"covered_lines": 26, "num_statements": 33, "percent_covered": 78.78787878787878, "percent_covered_display": "78.79", "missing_lines": 7, "excluded_lines": 0}, "missing_lines": [44, 45, 46, 48, 54, 55, 56], "excluded_lines": [], "functions": {"crawl_paper_task": {"executed_lines": [41, 43, 50, 51, 52, 53], "summary": {"covered_lines": 6, "num_statements": 9, "percent_covered": 66.66666666666667, "percent_covered_display": "66.67", "missing_lines": 3, "excluded_lines": 0}, "missing_lines": [54, 55, 56], "excluded_lines": []}, "crawl_paper_task._crawl": {"executed_lines": [], "summary": {"covered_lines": 0, "num_statements": 4, "percent_covered": 0.0, "percent_covered_display": "0.00", "missing_lines": 4, "excluded_lines": 0}, "missing_lines": [44, 45, 46, 48], "excluded_lines": []}, "batch_crawl_task": {"executed_lines": [62, 64, 65, 67, 68, 70], "summary": {"covered_lines": 6, "num_statements": 6, "percent_covered": 100.0, "percent_covered_display": "100.00", "missing_lines": 0, "excluded_lines": 0}, "missing_lines": [], "excluded_lines": []}, "": {"executed_lines": [1, 3, 4, 6, 7, 8, 10, 12, 13, 16, 24, 38, 39, 59, 60], "summary": {"covered_lines": 14, "num_statements": 14, "percent_covered": 100.0, "percent_covered_display": "100.00", "missing_lines": 0, "excluded_lines": 0}, "missing_lines": [], "excluded_lines": []}}, "classes": {"": {"executed_lines": [1, 3, 4, 6, 7, 8, 10, 12, 13, 16, 24, 38, 39, 41, 43, 50, 51, 52, 53, 59, 60, 62, 64, 65, 67, 68, 70], "summary": {"covered_lines": 26, "num_statements": 33, "percent_covered": 78.78787878787878, "percent_covered_display": "78.79", "missing_lines": 7, "excluded_lines": 0}, "missing_lines": [44, 45, 46, 48, 54, 55, 56], "excluded_lines": []}}}, "src/refnet_crawler/tasks/crawl_task.py": {"executed_lines": [], "summary": {"covered_lines": 0, "num_statements": 36, "percent_covered": 0.0, "percent_covered_display": "0.00", "missing_lines": 36, "excluded_lines": 1}, "missing_lines": [3, 4, 6, 7, 8, 10, 11, 13, 16, 17, 19, 20, 22, 29, 31, 33, 38, 39, 41, 42, 43, 44, 47, 48, 50, 52, 53, 54, 55, 60, 61, 62, 63, 64, 65, 66], "excluded_lines": [58], "functions": {"check_and_crawl_new_papers": {"executed_lines": [], "summary": {"covered_lines": 0, "num_statements": 12, "percent_covered": 0.0, "percent_covered_display": "0.00", "missing_lines": 12, "excluded_lines": 0}, "missing_lines": [19, 20, 22, 29, 31, 33, 38, 39, 41, 42, 43, 44], "excluded_lines": []}, "crawl_paper": {"executed_lines": [], "summary": {"covered_lines": 0, "num_statements": 9, "percent_covered": 0.0, "percent_covered_display": "0.00", "missing_lines": 9, "excluded_lines": 0}, "missing_lines": [50, 52, 60, 61, 62, 63, 64, 65, 66], "excluded_lines": []}, "crawl_paper._crawl": {"executed_lines": [], "summary": {"covered_lines": 0, "num_statements": 3, "percent_covered": 0.0, "percent_covered_display": "0.00", "missing_lines": 3, "excluded_lines": 1}, "missing_lines": [53, 54, 55], "excluded_lines": [58]}, "": {"executed_lines": [], "summary": {"covered_lines": 0, "num_statements": 12, "percent_covered": 0.0, "percent_covered_display": "0.00", "missing_lines": 12, "excluded_lines": 0}, "missing_lines": [3, 4, 6, 7, 8, 10, 11, 13, 16, 17, 47, 48], "excluded_lines": []}}, "classes": {"": {"executed_lines": [], "summary": {"covered_lines": 0, "num_statements": 36, "percent_covered": 0.0, "percent_covered_display": "0.00", "missing_lines": 36, "excluded_lines": 1}, "missing_lines": [3, 4, 6, 7, 8, 10, 11, 13, 16, 17, 19, 20, 22, 29, 31, 33, 38, 39, 41, 42, 43, 44, 47, 48, 50, 52, 53, 54, 55, 60, 61, 62, 63, 64, 65, 66], "excluded_lines": [58]}}}}, "totals": {"covered_lines": 314, "num_statements": 359, "percent_covered": 87.46518105849582, "percent_covered_display": "87.47", "missing_lines": 45, "excluded_lines": 3}}
