{"meta": {"format": 3, "version": "7.9.2", "timestamp": "2025-07-12T10:28:46.877607", "branch_coverage": false, "show_contexts": false}, "files": {"src/refnet_shared/__init__.py": {"executed_lines": [1, 3, 4], "summary": {"covered_lines": 2, "num_statements": 2, "percent_covered": 100.0, "percent_covered_display": "100.00", "missing_lines": 0, "excluded_lines": 0}, "missing_lines": [], "excluded_lines": [], "functions": {"": {"executed_lines": [1, 3, 4], "summary": {"covered_lines": 2, "num_statements": 2, "percent_covered": 100.0, "percent_covered_display": "100.00", "missing_lines": 0, "excluded_lines": 0}, "missing_lines": [], "excluded_lines": []}}, "classes": {"": {"executed_lines": [1, 3, 4], "summary": {"covered_lines": 2, "num_statements": 2, "percent_covered": 100.0, "percent_covered_display": "100.00", "missing_lines": 0, "excluded_lines": 0}, "missing_lines": [], "excluded_lines": []}}}, "src/refnet_shared/auth/__init__.py": {"executed_lines": [1, 3, 5], "summary": {"covered_lines": 2, "num_statements": 2, "percent_covered": 100.0, "percent_covered_display": "100.00", "missing_lines": 0, "excluded_lines": 0}, "missing_lines": [], "excluded_lines": [], "functions": {"": {"executed_lines": [1, 3, 5], "summary": {"covered_lines": 2, "num_statements": 2, "percent_covered": 100.0, "percent_covered_display": "100.00", "missing_lines": 0, "excluded_lines": 0}, "missing_lines": [], "excluded_lines": []}}, "classes": {"": {"executed_lines": [1, 3, 5], "summary": {"covered_lines": 2, "num_statements": 2, "percent_covered": 100.0, "percent_covered_display": "100.00", "missing_lines": 0, "excluded_lines": 0}, "missing_lines": [], "excluded_lines": []}}}, "src/refnet_shared/auth/jwt_handler.py": {"executed_lines": [1, 3, 4, 6, 7, 8, 10, 11, 13, 14, 17, 20, 21, 23, 25, 26, 27, 28, 30, 32, 34, 36, 37, 39, 40, 41, 42, 43, 44, 45, 47, 49, 51, 53, 54, 55, 56, 57, 58, 59, 61, 63, 64, 67, 68, 71, 72, 74, 75, 77, 79, 80, 81, 82, 83, 84, 85, 86, 87, 88, 90, 92, 93, 95, 97, 99, 101, 105], "summary": {"covered_lines": 66, "num_statements": 66, "percent_covered": 100.0, "percent_covered_display": "100.00", "missing_lines": 0, "excluded_lines": 0}, "missing_lines": [], "excluded_lines": [], "functions": {"JWTHandler.__init__": {"executed_lines": [25, 26, 27, 28], "summary": {"covered_lines": 4, "num_statements": 4, "percent_covered": 100.0, "percent_covered_display": "100.00", "missing_lines": 0, "excluded_lines": 0}, "missing_lines": [], "excluded_lines": []}, "JWTHandler.create_access_token": {"executed_lines": [32, 34, 36, 37, 39, 40, 41, 42, 43, 44, 45], "summary": {"covered_lines": 11, "num_statements": 11, "percent_covered": 100.0, "percent_covered_display": "100.00", "missing_lines": 0, "excluded_lines": 0}, "missing_lines": [], "excluded_lines": []}, "JWTHandler.create_refresh_token": {"executed_lines": [49, 51, 53, 54, 55, 56, 57, 58, 59], "summary": {"covered_lines": 9, "num_statements": 9, "percent_covered": 100.0, "percent_covered_display": "100.00", "missing_lines": 0, "excluded_lines": 0}, "missing_lines": [], "excluded_lines": []}, "JWTHandler.verify_token": {"executed_lines": [63, 64, 67, 68, 71, 72, 74, 75, 77, 79, 80, 81, 82, 83, 84, 85, 86, 87, 88], "summary": {"covered_lines": 19, "num_statements": 19, "percent_covered": 100.0, "percent_covered_display": "100.00", "missing_lines": 0, "excluded_lines": 0}, "missing_lines": [], "excluded_lines": []}, "JWTHandler.extract_subject": {"executed_lines": [92, 93], "summary": {"covered_lines": 2, "num_statements": 2, "percent_covered": 100.0, "percent_covered_display": "100.00", "missing_lines": 0, "excluded_lines": 0}, "missing_lines": [], "excluded_lines": []}, "JWTHandler.hash_password": {"executed_lines": [97], "summary": {"covered_lines": 1, "num_statements": 1, "percent_covered": 100.0, "percent_covered_display": "100.00", "missing_lines": 0, "excluded_lines": 0}, "missing_lines": [], "excluded_lines": []}, "JWTHandler.verify_password": {"executed_lines": [101], "summary": {"covered_lines": 1, "num_statements": 1, "percent_covered": 100.0, "percent_covered_display": "100.00", "missing_lines": 0, "excluded_lines": 0}, "missing_lines": [], "excluded_lines": []}, "": {"executed_lines": [1, 3, 4, 6, 7, 8, 10, 11, 13, 14, 17, 20, 21, 23, 30, 47, 61, 90, 95, 99, 105], "summary": {"covered_lines": 19, "num_statements": 19, "percent_covered": 100.0, "percent_covered_display": "100.00", "missing_lines": 0, "excluded_lines": 0}, "missing_lines": [], "excluded_lines": []}}, "classes": {"JWTHandler": {"executed_lines": [25, 26, 27, 28, 32, 34, 36, 37, 39, 40, 41, 42, 43, 44, 45, 49, 51, 53, 54, 55, 56, 57, 58, 59, 63, 64, 67, 68, 71, 72, 74, 75, 77, 79, 80, 81, 82, 83, 84, 85, 86, 87, 88, 92, 93, 97, 101], "summary": {"covered_lines": 47, "num_statements": 47, "percent_covered": 100.0, "percent_covered_display": "100.00", "missing_lines": 0, "excluded_lines": 0}, "missing_lines": [], "excluded_lines": []}, "": {"executed_lines": [1, 3, 4, 6, 7, 8, 10, 11, 13, 14, 17, 20, 21, 23, 30, 47, 61, 90, 95, 99, 105], "summary": {"covered_lines": 19, "num_statements": 19, "percent_covered": 100.0, "percent_covered_display": "100.00", "missing_lines": 0, "excluded_lines": 0}, "missing_lines": [], "excluded_lines": []}}}, "src/refnet_shared/celery_app.py": {"executed_lines": [1, 3, 4, 6, 7, 8, 9, 11, 13, 14, 17, 20, 143, 153, 156, 157, 159], "summary": {"covered_lines": 16, "num_statements": 16, "percent_covered": 100.0, "percent_covered_display": "100.00", "missing_lines": 0, "excluded_lines": 0}, "missing_lines": [], "excluded_lines": [], "functions": {"debug_task": {"executed_lines": [159], "summary": {"covered_lines": 1, "num_statements": 1, "percent_covered": 100.0, "percent_covered_display": "100.00", "missing_lines": 0, "excluded_lines": 0}, "missing_lines": [], "excluded_lines": []}, "": {"executed_lines": [1, 3, 4, 6, 7, 8, 9, 11, 13, 14, 17, 20, 143, 153, 156, 157], "summary": {"covered_lines": 15, "num_statements": 15, "percent_covered": 100.0, "percent_covered_display": "100.00", "missing_lines": 0, "excluded_lines": 0}, "missing_lines": [], "excluded_lines": []}}, "classes": {"": {"executed_lines": [1, 3, 4, 6, 7, 8, 9, 11, 13, 14, 17, 20, 143, 153, 156, 157, 159], "summary": {"covered_lines": 16, "num_statements": 16, "percent_covered": 100.0, "percent_covered_display": "100.00", "missing_lines": 0, "excluded_lines": 0}, "missing_lines": [], "excluded_lines": []}}}, "src/refnet_shared/cli.py": {"executed_lines": [1, 3, 5, 7, 8, 9, 10, 15, 18, 19, 24, 25, 27, 28, 29, 32, 33, 35, 36, 37, 38, 39, 40, 43, 44, 46, 49, 50, 55, 56, 57, 63, 64, 65, 66, 67, 68, 69, 72, 73, 75, 76, 77, 78, 80, 82, 83, 84, 85, 87, 88, 89, 92, 93, 94, 100, 101, 102, 103, 104, 105, 106, 109, 110, 111, 117, 118, 120, 122, 123, 124, 125, 126, 127, 129, 130, 132, 133, 136, 137, 142, 143, 144, 145, 147, 148, 149, 150, 151, 152, 155, 156, 157, 158, 160, 161, 162, 163, 164, 166, 167, 168, 169, 170, 173, 174, 175, 176, 178, 179, 180, 182, 183, 184, 185, 186, 187, 190, 191, 193, 194, 196, 197, 198, 199, 201, 202, 203, 204, 206, 207, 209, 210, 211, 214, 215, 217, 218, 220, 221, 222, 224, 225, 226, 227, 229, 230, 231, 234, 235, 236, 238, 239, 240, 241, 243, 244, 245, 246, 247, 248, 251], "summary": {"covered_lines": 161, "num_statements": 165, "percent_covered": 97.57575757575758, "percent_covered_display": "97.58", "missing_lines": 4, "excluded_lines": 0}, "missing_lines": [21, 52, 139, 252], "excluded_lines": [], "functions": {"main": {"executed_lines": [], "summary": {"covered_lines": 0, "num_statements": 1, "percent_covered": 0.0, "percent_covered_display": "0.00", "missing_lines": 1, "excluded_lines": 0}, "missing_lines": [21], "excluded_lines": []}, "info": {"executed_lines": [27, 28, 29], "summary": {"covered_lines": 3, "num_statements": 3, "percent_covered": 100.0, "percent_covered_display": "100.00", "missing_lines": 0, "excluded_lines": 0}, "missing_lines": [], "excluded_lines": []}, "validate": {"executed_lines": [35, 36, 37, 38, 39, 40], "summary": {"covered_lines": 6, "num_statements": 6, "percent_covered": 100.0, "percent_covered_display": "100.00", "missing_lines": 0, "excluded_lines": 0}, "missing_lines": [], "excluded_lines": []}, "version": {"executed_lines": [46], "summary": {"covered_lines": 1, "num_statements": 1, "percent_covered": 100.0, "percent_covered_display": "100.00", "missing_lines": 0, "excluded_lines": 0}, "missing_lines": [], "excluded_lines": []}, "env": {"executed_lines": [], "summary": {"covered_lines": 0, "num_statements": 1, "percent_covered": 0.0, "percent_covered_display": "0.00", "missing_lines": 1, "excluded_lines": 0}, "missing_lines": [52], "excluded_lines": []}, "create": {"executed_lines": [63, 64, 65, 66, 67, 68, 69], "summary": {"covered_lines": 7, "num_statements": 7, "percent_covered": 100.0, "percent_covered_display": "100.00", "missing_lines": 0, "excluded_lines": 0}, "missing_lines": [], "excluded_lines": []}, "env_validate": {"executed_lines": [75, 76, 77, 78, 80, 82, 83, 84, 85, 87, 88, 89], "summary": {"covered_lines": 12, "num_statements": 12, "percent_covered": 100.0, "percent_covered_display": "100.00", "missing_lines": 0, "excluded_lines": 0}, "missing_lines": [], "excluded_lines": []}, "export": {"executed_lines": [100, 101, 102, 103, 104, 105, 106], "summary": {"covered_lines": 7, "num_statements": 7, "percent_covered": 100.0, "percent_covered_display": "100.00", "missing_lines": 0, "excluded_lines": 0}, "missing_lines": [], "excluded_lines": []}, "check": {"executed_lines": [117, 118, 120, 122, 123, 124, 125, 126, 127, 129, 130, 132, 133], "summary": {"covered_lines": 13, "num_statements": 13, "percent_covered": 100.0, "percent_covered_display": "100.00", "missing_lines": 0, "excluded_lines": 0}, "missing_lines": [], "excluded_lines": []}, "migrate": {"executed_lines": [], "summary": {"covered_lines": 0, "num_statements": 1, "percent_covered": 0.0, "percent_covered_display": "0.00", "missing_lines": 1, "excluded_lines": 0}, "missing_lines": [139], "excluded_lines": []}, "create_migration": {"executed_lines": [147, 148, 149, 150, 151, 152], "summary": {"covered_lines": 6, "num_statements": 6, "percent_covered": 100.0, "percent_covered_display": "100.00", "missing_lines": 0, "excluded_lines": 0}, "missing_lines": [], "excluded_lines": []}, "upgrade": {"executed_lines": [160, 161, 162, 163, 164, 166, 167, 168, 169, 170], "summary": {"covered_lines": 10, "num_statements": 10, "percent_covered": 100.0, "percent_covered_display": "100.00", "missing_lines": 0, "excluded_lines": 0}, "missing_lines": [], "excluded_lines": []}, "downgrade": {"executed_lines": [178, 179, 180, 182, 183, 184, 185, 186, 187], "summary": {"covered_lines": 9, "num_statements": 9, "percent_covered": 100.0, "percent_covered_display": "100.00", "missing_lines": 0, "excluded_lines": 0}, "missing_lines": [], "excluded_lines": []}, "status": {"executed_lines": [193, 194, 196, 197, 198, 199, 201, 202, 203, 204, 206, 207, 209, 210, 211], "summary": {"covered_lines": 15, "num_statements": 15, "percent_covered": 100.0, "percent_covered_display": "100.00", "missing_lines": 0, "excluded_lines": 0}, "missing_lines": [], "excluded_lines": []}, "history": {"executed_lines": [217, 218, 220, 221, 222, 224, 225, 226, 227, 229, 230, 231], "summary": {"covered_lines": 12, "num_statements": 12, "percent_covered": 100.0, "percent_covered_display": "100.00", "missing_lines": 0, "excluded_lines": 0}, "missing_lines": [], "excluded_lines": []}, "reset": {"executed_lines": [238, 239, 240, 241, 243, 244, 245, 246, 247, 248], "summary": {"covered_lines": 10, "num_statements": 10, "percent_covered": 100.0, "percent_covered_display": "100.00", "missing_lines": 0, "excluded_lines": 0}, "missing_lines": [], "excluded_lines": []}, "": {"executed_lines": [1, 3, 5, 7, 8, 9, 10, 15, 18, 19, 24, 25, 32, 33, 43, 44, 49, 50, 55, 56, 57, 72, 73, 92, 93, 94, 109, 110, 111, 136, 137, 142, 143, 144, 145, 155, 156, 157, 158, 173, 174, 175, 176, 190, 191, 214, 215, 234, 235, 236, 251], "summary": {"covered_lines": 50, "num_statements": 51, "percent_covered": 98.03921568627452, "percent_covered_display": "98.04", "missing_lines": 1, "excluded_lines": 0}, "missing_lines": [252], "excluded_lines": []}}, "classes": {"": {"executed_lines": [1, 3, 5, 7, 8, 9, 10, 15, 18, 19, 24, 25, 27, 28, 29, 32, 33, 35, 36, 37, 38, 39, 40, 43, 44, 46, 49, 50, 55, 56, 57, 63, 64, 65, 66, 67, 68, 69, 72, 73, 75, 76, 77, 78, 80, 82, 83, 84, 85, 87, 88, 89, 92, 93, 94, 100, 101, 102, 103, 104, 105, 106, 109, 110, 111, 117, 118, 120, 122, 123, 124, 125, 126, 127, 129, 130, 132, 133, 136, 137, 142, 143, 144, 145, 147, 148, 149, 150, 151, 152, 155, 156, 157, 158, 160, 161, 162, 163, 164, 166, 167, 168, 169, 170, 173, 174, 175, 176, 178, 179, 180, 182, 183, 184, 185, 186, 187, 190, 191, 193, 194, 196, 197, 198, 199, 201, 202, 203, 204, 206, 207, 209, 210, 211, 214, 215, 217, 218, 220, 221, 222, 224, 225, 226, 227, 229, 230, 231, 234, 235, 236, 238, 239, 240, 241, 243, 244, 245, 246, 247, 248, 251], "summary": {"covered_lines": 161, "num_statements": 165, "percent_covered": 97.57575757575758, "percent_covered_display": "97.58", "missing_lines": 4, "excluded_lines": 0}, "missing_lines": [21, 52, 139, 252], "excluded_lines": []}}}, "src/refnet_shared/cli_batch.py": {"executed_lines": [1, 3, 4, 6, 7, 18, 21, 22, 27, 28, 53, 54, 55, 80, 81, 94, 95, 96, 106, 107, 108, 114, 115, 116, 124], "summary": {"covered_lines": 24, "num_statements": 68, "percent_covered": 35.294117647058826, "percent_covered_display": "35.29", "missing_lines": 44, "excluded_lines": 0}, "missing_lines": [24, 30, 33, 34, 35, 36, 37, 38, 39, 41, 44, 45, 46, 47, 48, 49, 50, 57, 68, 69, 70, 71, 73, 74, 76, 77, 83, 85, 86, 87, 88, 89, 90, 91, 98, 99, 100, 102, 103, 110, 111, 120, 121, 125], "excluded_lines": [], "functions": {"batch": {"executed_lines": [], "summary": {"covered_lines": 0, "num_statements": 1, "percent_covered": 0.0, "percent_covered_display": "0.00", "missing_lines": 1, "excluded_lines": 0}, "missing_lines": [24], "excluded_lines": []}, "status": {"executed_lines": [], "summary": {"covered_lines": 0, "num_statements": 16, "percent_covered": 0.0, "percent_covered_display": "0.00", "missing_lines": 16, "excluded_lines": 0}, "missing_lines": [30, 33, 34, 35, 36, 37, 38, 39, 41, 44, 45, 46, 47, 48, 49, 50], "excluded_lines": []}, "run": {"executed_lines": [], "summary": {"covered_lines": 0, "num_statements": 9, "percent_covered": 0.0, "percent_covered_display": "0.00", "missing_lines": 9, "excluded_lines": 0}, "missing_lines": [57, 68, 69, 70, 71, 73, 74, 76, 77], "excluded_lines": []}, "schedule": {"executed_lines": [], "summary": {"covered_lines": 0, "num_statements": 8, "percent_covered": 0.0, "percent_covered_display": "0.00", "missing_lines": 8, "excluded_lines": 0}, "missing_lines": [83, 85, 86, 87, 88, 89, 90, 91], "excluded_lines": []}, "purge": {"executed_lines": [], "summary": {"covered_lines": 0, "num_statements": 5, "percent_covered": 0.0, "percent_covered_display": "0.00", "missing_lines": 5, "excluded_lines": 0}, "missing_lines": [98, 99, 100, 102, 103], "excluded_lines": []}, "revoke": {"executed_lines": [], "summary": {"covered_lines": 0, "num_statements": 2, "percent_covered": 0.0, "percent_covered_display": "0.00", "missing_lines": 2, "excluded_lines": 0}, "missing_lines": [110, 111], "excluded_lines": []}, "history": {"executed_lines": [], "summary": {"covered_lines": 0, "num_statements": 2, "percent_covered": 0.0, "percent_covered_display": "0.00", "missing_lines": 2, "excluded_lines": 0}, "missing_lines": [120, 121], "excluded_lines": []}, "": {"executed_lines": [1, 3, 4, 6, 7, 18, 21, 22, 27, 28, 53, 54, 55, 80, 81, 94, 95, 96, 106, 107, 108, 114, 115, 116, 124], "summary": {"covered_lines": 24, "num_statements": 25, "percent_covered": 96.0, "percent_covered_display": "96.00", "missing_lines": 1, "excluded_lines": 0}, "missing_lines": [125], "excluded_lines": []}}, "classes": {"": {"executed_lines": [1, 3, 4, 6, 7, 18, 21, 22, 27, 28, 53, 54, 55, 80, 81, 94, 95, 96, 106, 107, 108, 114, 115, 116, 124], "summary": {"covered_lines": 24, "num_statements": 68, "percent_covered": 35.294117647058826, "percent_covered_display": "35.29", "missing_lines": 44, "excluded_lines": 0}, "missing_lines": [24, 30, 33, 34, 35, 36, 37, 38, 39, 41, 44, 45, 46, 47, 48, 49, 50, 57, 68, 69, 70, 71, 73, 74, 76, 77, 83, 85, 86, 87, 88, 89, 90, 91, 98, 99, 100, 102, 103, 110, 111, 120, 121, 125], "excluded_lines": []}}}, "src/refnet_shared/config/__init__.py": {"executed_lines": [1, 3, 5, 6, 9, 10, 12, 13, 14, 15, 16, 18, 19, 21, 23, 26, 27, 29, 30, 31, 33, 34, 36, 39, 40, 42, 43, 44, 47, 48, 50, 51, 52, 55, 56, 59, 60, 61, 64, 67, 70, 73, 76, 77, 78, 81, 82, 85, 87, 93, 100, 103, 104, 105, 106, 110], "summary": {"covered_lines": 50, "num_statements": 51, "percent_covered": 98.03921568627452, "percent_covered_display": "98.04", "missing_lines": 1, "excluded_lines": 0}, "missing_lines": [22], "excluded_lines": [], "functions": {"DatabaseConfig.url": {"executed_lines": [21, 23], "summary": {"covered_lines": 2, "num_statements": 3, "percent_covered": 66.66666666666667, "percent_covered_display": "66.67", "missing_lines": 1, "excluded_lines": 0}, "missing_lines": [22], "excluded_lines": []}, "RedisConfig.url": {"executed_lines": [36], "summary": {"covered_lines": 1, "num_statements": 1, "percent_covered": 100.0, "percent_covered_display": "100.00", "missing_lines": 0, "excluded_lines": 0}, "missing_lines": [], "excluded_lines": []}, "Settings.__init__": {"executed_lines": [100, 103, 104, 105, 106], "summary": {"covered_lines": 5, "num_statements": 5, "percent_covered": 100.0, "percent_covered_display": "100.00", "missing_lines": 0, "excluded_lines": 0}, "missing_lines": [], "excluded_lines": []}, "": {"executed_lines": [1, 3, 5, 6, 9, 10, 12, 13, 14, 15, 16, 18, 19, 26, 27, 29, 30, 31, 33, 34, 39, 40, 42, 43, 44, 47, 48, 50, 51, 52, 55, 56, 59, 60, 61, 64, 67, 70, 73, 76, 77, 78, 81, 82, 85, 87, 93, 110], "summary": {"covered_lines": 42, "num_statements": 42, "percent_covered": 100.0, "percent_covered_display": "100.00", "missing_lines": 0, "excluded_lines": 0}, "missing_lines": [], "excluded_lines": []}}, "classes": {"DatabaseConfig": {"executed_lines": [21, 23], "summary": {"covered_lines": 2, "num_statements": 3, "percent_covered": 66.66666666666667, "percent_covered_display": "66.67", "missing_lines": 1, "excluded_lines": 0}, "missing_lines": [22], "excluded_lines": []}, "RedisConfig": {"executed_lines": [36], "summary": {"covered_lines": 1, "num_statements": 1, "percent_covered": 100.0, "percent_covered_display": "100.00", "missing_lines": 0, "excluded_lines": 0}, "missing_lines": [], "excluded_lines": []}, "LoggingConfig": {"executed_lines": [], "summary": {"covered_lines": 0, "num_statements": 0, "percent_covered": 100.0, "percent_covered_display": "100.00", "missing_lines": 0, "excluded_lines": 0}, "missing_lines": [], "excluded_lines": []}, "SecurityConfig": {"executed_lines": [], "summary": {"covered_lines": 0, "num_statements": 0, "percent_covered": 100.0, "percent_covered_display": "100.00", "missing_lines": 0, "excluded_lines": 0}, "missing_lines": [], "excluded_lines": []}, "Settings": {"executed_lines": [100, 103, 104, 105, 106], "summary": {"covered_lines": 5, "num_statements": 5, "percent_covered": 100.0, "percent_covered_display": "100.00", "missing_lines": 0, "excluded_lines": 0}, "missing_lines": [], "excluded_lines": []}, "": {"executed_lines": [1, 3, 5, 6, 9, 10, 12, 13, 14, 15, 16, 18, 19, 26, 27, 29, 30, 31, 33, 34, 39, 40, 42, 43, 44, 47, 48, 50, 51, 52, 55, 56, 59, 60, 61, 64, 67, 70, 73, 76, 77, 78, 81, 82, 85, 87, 93, 110], "summary": {"covered_lines": 42, "num_statements": 42, "percent_covered": 100.0, "percent_covered_display": "100.00", "missing_lines": 0, "excluded_lines": 0}, "missing_lines": [], "excluded_lines": []}}}, "src/refnet_shared/config/environment.py": {"executed_lines": [1, 3, 4, 5, 6, 7, 9, 11, 12, 15, 16, 18, 19, 20, 21, 24, 25, 27, 29, 41, 42, 43, 45, 46, 47, 48, 49, 50, 52, 54, 56, 58, 60, 62, 64, 66, 68, 71, 72, 74, 76, 77, 78, 80, 82, 83, 84, 85, 86, 88, 89, 91, 93, 95, 96, 98, 99, 101, 102, 104, 105, 106, 108, 110, 112, 113, 114, 116, 117, 119, 120, 122, 124, 125, 126, 128, 129, 131, 133, 135, 136, 137, 138, 140, 142, 143, 144, 146, 147, 150, 153, 154, 156, 159, 160, 163, 167], "summary": {"covered_lines": 93, "num_statements": 96, "percent_covered": 96.875, "percent_covered_display": "96.88", "missing_lines": 3, "excluded_lines": 0}, "missing_lines": [51, 164, 165], "excluded_lines": [], "functions": {"EnvironmentSettings.validate_environment": {"executed_lines": [45, 46, 47, 48, 49, 50, 52], "summary": {"covered_lines": 7, "num_statements": 8, "percent_covered": 87.5, "percent_covered_display": "87.50", "missing_lines": 1, "excluded_lines": 0}, "missing_lines": [51], "excluded_lines": []}, "EnvironmentSettings.is_development": {"executed_lines": [56], "summary": {"covered_lines": 1, "num_statements": 1, "percent_covered": 100.0, "percent_covered_display": "100.00", "missing_lines": 0, "excluded_lines": 0}, "missing_lines": [], "excluded_lines": []}, "EnvironmentSettings.is_staging": {"executed_lines": [60], "summary": {"covered_lines": 1, "num_statements": 1, "percent_covered": 100.0, "percent_covered_display": "100.00", "missing_lines": 0, "excluded_lines": 0}, "missing_lines": [], "excluded_lines": []}, "EnvironmentSettings.is_production": {"executed_lines": [64], "summary": {"covered_lines": 1, "num_statements": 1, "percent_covered": 100.0, "percent_covered_display": "100.00", "missing_lines": 0, "excluded_lines": 0}, "missing_lines": [], "excluded_lines": []}, "EnvironmentSettings.is_testing": {"executed_lines": [68], "summary": {"covered_lines": 1, "num_statements": 1, "percent_covered": 100.0, "percent_covered_display": "100.00", "missing_lines": 0, "excluded_lines": 0}, "missing_lines": [], "excluded_lines": []}, "ConfigValidator.__init__": {"executed_lines": [76, 77, 78], "summary": {"covered_lines": 3, "num_statements": 3, "percent_covered": 100.0, "percent_covered_display": "100.00", "missing_lines": 0, "excluded_lines": 0}, "missing_lines": [], "excluded_lines": []}, "ConfigValidator.validate_all": {"executed_lines": [82, 83, 84, 85, 86, 88, 89], "summary": {"covered_lines": 7, "num_statements": 7, "percent_covered": 100.0, "percent_covered_display": "100.00", "missing_lines": 0, "excluded_lines": 0}, "missing_lines": [], "excluded_lines": []}, "ConfigValidator._validate_database": {"executed_lines": [93, 95, 96, 98, 99, 101, 102, 104, 105, 106], "summary": {"covered_lines": 10, "num_statements": 10, "percent_covered": 100.0, "percent_covered_display": "100.00", "missing_lines": 0, "excluded_lines": 0}, "missing_lines": [], "excluded_lines": []}, "ConfigValidator._validate_security": {"executed_lines": [110, 112, 113, 114, 116, 117, 119, 120], "summary": {"covered_lines": 8, "num_statements": 8, "percent_covered": 100.0, "percent_covered_display": "100.00", "missing_lines": 0, "excluded_lines": 0}, "missing_lines": [], "excluded_lines": []}, "ConfigValidator._validate_external_apis": {"executed_lines": [124, 125, 126, 128, 129], "summary": {"covered_lines": 5, "num_statements": 5, "percent_covered": 100.0, "percent_covered_display": "100.00", "missing_lines": 0, "excluded_lines": 0}, "missing_lines": [], "excluded_lines": []}, "ConfigValidator._validate_logging": {"executed_lines": [133, 135, 136, 137, 138], "summary": {"covered_lines": 5, "num_statements": 5, "percent_covered": 100.0, "percent_covered_display": "100.00", "missing_lines": 0, "excluded_lines": 0}, "missing_lines": [], "excluded_lines": []}, "ConfigValidator._validate_environment_specific": {"executed_lines": [142, 143, 144, 146, 147], "summary": {"covered_lines": 5, "num_statements": 5, "percent_covered": 100.0, "percent_covered_display": "100.00", "missing_lines": 0, "excluded_lines": 0}, "missing_lines": [], "excluded_lines": []}, "load_environment_settings": {"executed_lines": [153, 154, 156, 159, 160, 163, 167], "summary": {"covered_lines": 7, "num_statements": 9, "percent_covered": 77.77777777777777, "percent_covered_display": "77.78", "missing_lines": 2, "excluded_lines": 0}, "missing_lines": [164, 165], "excluded_lines": []}, "": {"executed_lines": [1, 3, 4, 5, 6, 7, 9, 11, 12, 15, 16, 18, 19, 20, 21, 24, 25, 27, 29, 41, 42, 43, 54, 58, 62, 66, 71, 72, 74, 80, 91, 108, 122, 131, 140, 150], "summary": {"covered_lines": 32, "num_statements": 32, "percent_covered": 100.0, "percent_covered_display": "100.00", "missing_lines": 0, "excluded_lines": 0}, "missing_lines": [], "excluded_lines": []}}, "classes": {"Environment": {"executed_lines": [], "summary": {"covered_lines": 0, "num_statements": 0, "percent_covered": 100.0, "percent_covered_display": "100.00", "missing_lines": 0, "excluded_lines": 0}, "missing_lines": [], "excluded_lines": []}, "EnvironmentSettings": {"executed_lines": [45, 46, 47, 48, 49, 50, 52, 56, 60, 64, 68], "summary": {"covered_lines": 11, "num_statements": 12, "percent_covered": 91.66666666666667, "percent_covered_display": "91.67", "missing_lines": 1, "excluded_lines": 0}, "missing_lines": [51], "excluded_lines": []}, "ConfigValidator": {"executed_lines": [76, 77, 78, 82, 83, 84, 85, 86, 88, 89, 93, 95, 96, 98, 99, 101, 102, 104, 105, 106, 110, 112, 113, 114, 116, 117, 119, 120, 124, 125, 126, 128, 129, 133, 135, 136, 137, 138, 142, 143, 144, 146, 147], "summary": {"covered_lines": 43, "num_statements": 43, "percent_covered": 100.0, "percent_covered_display": "100.00", "missing_lines": 0, "excluded_lines": 0}, "missing_lines": [], "excluded_lines": []}, "": {"executed_lines": [1, 3, 4, 5, 6, 7, 9, 11, 12, 15, 16, 18, 19, 20, 21, 24, 25, 27, 29, 41, 42, 43, 54, 58, 62, 66, 71, 72, 74, 80, 91, 108, 122, 131, 140, 150, 153, 154, 156, 159, 160, 163, 167], "summary": {"covered_lines": 39, "num_statements": 41, "percent_covered": 95.1219512195122, "percent_covered_display": "95.12", "missing_lines": 2, "excluded_lines": 0}, "missing_lines": [164, 165], "excluded_lines": []}}}, "src/refnet_shared/exceptions/__init__.py": {"executed_lines": [1, 4, 5, 7, 10, 11, 13, 16, 17, 19, 22, 23, 25, 28, 29, 31, 34, 35, 37, 40, 41, 43, 46], "summary": {"covered_lines": 15, "num_statements": 15, "percent_covered": 100.0, "percent_covered_display": "100.00", "missing_lines": 0, "excluded_lines": 0}, "missing_lines": [], "excluded_lines": [], "functions": {"": {"executed_lines": [1, 4, 5, 7, 10, 11, 13, 16, 17, 19, 22, 23, 25, 28, 29, 31, 34, 35, 37, 40, 41, 43, 46], "summary": {"covered_lines": 15, "num_statements": 15, "percent_covered": 100.0, "percent_covered_display": "100.00", "missing_lines": 0, "excluded_lines": 0}, "missing_lines": [], "excluded_lines": []}}, "classes": {"RefNetException": {"executed_lines": [], "summary": {"covered_lines": 0, "num_statements": 0, "percent_covered": 100.0, "percent_covered_display": "100.00", "missing_lines": 0, "excluded_lines": 0}, "missing_lines": [], "excluded_lines": []}, "ConfigurationError": {"executed_lines": [], "summary": {"covered_lines": 0, "num_statements": 0, "percent_covered": 100.0, "percent_covered_display": "100.00", "missing_lines": 0, "excluded_lines": 0}, "missing_lines": [], "excluded_lines": []}, "DatabaseError": {"executed_lines": [], "summary": {"covered_lines": 0, "num_statements": 0, "percent_covered": 100.0, "percent_covered_display": "100.00", "missing_lines": 0, "excluded_lines": 0}, "missing_lines": [], "excluded_lines": []}, "ExternalAPIError": {"executed_lines": [], "summary": {"covered_lines": 0, "num_statements": 0, "percent_covered": 100.0, "percent_covered_display": "100.00", "missing_lines": 0, "excluded_lines": 0}, "missing_lines": [], "excluded_lines": []}, "ProcessingError": {"executed_lines": [], "summary": {"covered_lines": 0, "num_statements": 0, "percent_covered": 100.0, "percent_covered_display": "100.00", "missing_lines": 0, "excluded_lines": 0}, "missing_lines": [], "excluded_lines": []}, "ValidationError": {"executed_lines": [], "summary": {"covered_lines": 0, "num_statements": 0, "percent_covered": 100.0, "percent_covered_display": "100.00", "missing_lines": 0, "excluded_lines": 0}, "missing_lines": [], "excluded_lines": []}, "SecurityError": {"executed_lines": [], "summary": {"covered_lines": 0, "num_statements": 0, "percent_covered": 100.0, "percent_covered_display": "100.00", "missing_lines": 0, "excluded_lines": 0}, "missing_lines": [], "excluded_lines": []}, "": {"executed_lines": [1, 4, 5, 7, 10, 11, 13, 16, 17, 19, 22, 23, 25, 28, 29, 31, 34, 35, 37, 40, 41, 43, 46], "summary": {"covered_lines": 15, "num_statements": 15, "percent_covered": 100.0, "percent_covered_display": "100.00", "missing_lines": 0, "excluded_lines": 0}, "missing_lines": [], "excluded_lines": []}}}, "src/refnet_shared/middleware/__init__.py": {"executed_lines": [1, 3, 12], "summary": {"covered_lines": 2, "num_statements": 2, "percent_covered": 100.0, "percent_covered_display": "100.00", "missing_lines": 0, "excluded_lines": 0}, "missing_lines": [], "excluded_lines": [], "functions": {"": {"executed_lines": [1, 3, 12], "summary": {"covered_lines": 2, "num_statements": 2, "percent_covered": 100.0, "percent_covered_display": "100.00", "missing_lines": 0, "excluded_lines": 0}, "missing_lines": [], "excluded_lines": []}}, "classes": {"": {"executed_lines": [1, 3, 12], "summary": {"covered_lines": 2, "num_statements": 2, "percent_covered": 100.0, "percent_covered_display": "100.00", "missing_lines": 0, "excluded_lines": 0}, "missing_lines": [], "excluded_lines": []}}}, "src/refnet_shared/middleware/rate_limiter.py": {"executed_lines": [1, 3, 4, 6, 7, 8, 9, 11, 12, 14, 15, 18, 19, 21, 23, 31, 40, 42, 43, 44, 45, 47, 49, 50, 52, 55, 58, 61, 64, 66, 67, 70, 71, 72, 83, 84, 85, 95, 105, 107, 108, 110, 117, 119, 120, 122, 131, 134, 135, 138, 141, 143, 144, 145, 146, 149, 150, 151, 154, 155, 156, 158, 159, 160, 161, 164, 167, 168, 170, 173, 177, 178, 180, 181, 182, 184, 194, 203, 215, 218, 219, 220, 221, 222, 224, 226, 230, 232], "summary": {"covered_lines": 86, "num_statements": 92, "percent_covered": 93.47826086956522, "percent_covered_display": "93.48", "missing_lines": 6, "excluded_lines": 0}, "missing_lines": [162, 163, 165, 166, 174, 175], "excluded_lines": [], "functions": {"AdvancedRateLimiter.__init__": {"executed_lines": [23, 31], "summary": {"covered_lines": 2, "num_statements": 2, "percent_covered": 100.0, "percent_covered_display": "100.00", "missing_lines": 0, "excluded_lines": 0}, "missing_lines": [], "excluded_lines": []}, "AdvancedRateLimiter.get_endpoint_config": {"executed_lines": [42, 43, 44, 45], "summary": {"covered_lines": 4, "num_statements": 4, "percent_covered": 100.0, "percent_covered_display": "100.00", "missing_lines": 0, "excluded_lines": 0}, "missing_lines": [], "excluded_lines": []}, "AdvancedRateLimiter.is_allowed": {"executed_lines": [49, 50, 52, 55, 58, 61, 64, 66, 67, 70, 71, 72, 83, 84, 85, 95], "summary": {"covered_lines": 16, "num_statements": 16, "percent_covered": 100.0, "percent_covered_display": "100.00", "missing_lines": 0, "excluded_lines": 0}, "missing_lines": [], "excluded_lines": []}, "AdvancedRateLimiter.check_user_specific_limit": {"executed_lines": [107, 108, 110], "summary": {"covered_lines": 3, "num_statements": 3, "percent_covered": 100.0, "percent_covered_display": "100.00", "missing_lines": 0, "excluded_lines": 0}, "missing_lines": [], "excluded_lines": []}, "AdvancedRateLimiter.check_ip_limit": {"executed_lines": [119, 120, 122], "summary": {"covered_lines": 3, "num_statements": 3, "percent_covered": 100.0, "percent_covered_display": "100.00", "missing_lines": 0, "excluded_lines": 0}, "missing_lines": [], "excluded_lines": []}, "create_advanced_rate_limit_middleware": {"executed_lines": [141, 226], "summary": {"covered_lines": 2, "num_statements": 2, "percent_covered": 100.0, "percent_covered_display": "100.00", "missing_lines": 0, "excluded_lines": 0}, "missing_lines": [], "excluded_lines": []}, "create_advanced_rate_limit_middleware.advanced_rate_limit_middleware": {"executed_lines": [143, 144, 145, 146, 149, 150, 151, 154, 155, 156, 158, 159, 160, 161, 164, 167, 168, 170, 173, 177, 178, 180, 181, 182, 184, 194, 203, 215, 218, 219, 220, 221, 222, 224], "summary": {"covered_lines": 34, "num_statements": 40, "percent_covered": 85.0, "percent_covered_display": "85.00", "missing_lines": 6, "excluded_lines": 0}, "missing_lines": [162, 163, 165, 166, 174, 175], "excluded_lines": []}, "create_rate_limit_middleware": {"executed_lines": [232], "summary": {"covered_lines": 1, "num_statements": 1, "percent_covered": 100.0, "percent_covered_display": "100.00", "missing_lines": 0, "excluded_lines": 0}, "missing_lines": [], "excluded_lines": []}, "": {"executed_lines": [1, 3, 4, 6, 7, 8, 9, 11, 12, 14, 15, 18, 19, 21, 40, 47, 105, 117, 131, 134, 135, 138, 230], "summary": {"covered_lines": 21, "num_statements": 21, "percent_covered": 100.0, "percent_covered_display": "100.00", "missing_lines": 0, "excluded_lines": 0}, "missing_lines": [], "excluded_lines": []}}, "classes": {"AdvancedRateLimiter": {"executed_lines": [23, 31, 42, 43, 44, 45, 49, 50, 52, 55, 58, 61, 64, 66, 67, 70, 71, 72, 83, 84, 85, 95, 107, 108, 110, 119, 120, 122], "summary": {"covered_lines": 28, "num_statements": 28, "percent_covered": 100.0, "percent_covered_display": "100.00", "missing_lines": 0, "excluded_lines": 0}, "missing_lines": [], "excluded_lines": []}, "": {"executed_lines": [1, 3, 4, 6, 7, 8, 9, 11, 12, 14, 15, 18, 19, 21, 40, 47, 105, 117, 131, 134, 135, 138, 141, 143, 144, 145, 146, 149, 150, 151, 154, 155, 156, 158, 159, 160, 161, 164, 167, 168, 170, 173, 177, 178, 180, 181, 182, 184, 194, 203, 215, 218, 219, 220, 221, 222, 224, 226, 230, 232], "summary": {"covered_lines": 58, "num_statements": 64, "percent_covered": 90.625, "percent_covered_display": "90.62", "missing_lines": 6, "excluded_lines": 0}, "missing_lines": [162, 163, 165, 166, 174, 175], "excluded_lines": []}}}, "src/refnet_shared/models/__init__.py": {"executed_lines": [1, 3, 16, 17, 38], "summary": {"covered_lines": 4, "num_statements": 4, "percent_covered": 100.0, "percent_covered_display": "100.00", "missing_lines": 0, "excluded_lines": 0}, "missing_lines": [], "excluded_lines": [], "functions": {"": {"executed_lines": [1, 3, 16, 17, 38], "summary": {"covered_lines": 4, "num_statements": 4, "percent_covered": 100.0, "percent_covered_display": "100.00", "missing_lines": 0, "excluded_lines": 0}, "missing_lines": [], "excluded_lines": []}}, "classes": {"": {"executed_lines": [1, 3, 16, 17, 38], "summary": {"covered_lines": 4, "num_statements": 4, "percent_covered": 100.0, "percent_covered_display": "100.00", "missing_lines": 0, "excluded_lines": 0}, "missing_lines": [], "excluded_lines": []}}}, "src/refnet_shared/models/database.py": {"executed_lines": [1, 3, 4, 6, 22, 25, 36, 37, 39, 43, 49, 51, 53, 56, 57, 60, 64, 77, 78, 80, 83, 84, 85, 86, 89, 90, 91, 94, 95, 96, 99, 100, 101, 104, 105, 106, 109, 110, 113, 114, 117, 118, 123, 126, 127, 128, 131, 134, 139, 142, 145, 148, 170, 171, 173, 175, 176, 179, 180, 181, 184, 187, 188, 191, 192, 197, 200, 213, 214, 216, 218, 219, 220, 221, 222, 225, 226, 229, 232, 233, 236, 250, 251, 253, 255, 256, 257, 258, 261, 262, 265, 266, 269, 270, 275, 278, 286, 287, 289, 291, 292, 295, 296, 297, 300, 301, 304, 305, 310, 313, 321, 322, 324, 326, 327, 328, 329, 332, 335, 338, 348, 349, 351, 353, 354, 355, 356, 359, 362, 365, 373, 374, 376, 378, 379, 380, 381, 384, 385, 388, 391, 394, 403, 404, 406, 408, 409, 410, 411, 412, 415, 416, 417, 420, 423, 426, 427, 430, 431, 434], "summary": {"covered_lines": 149, "num_statements": 149, "percent_covered": 100.0, "percent_covered_display": "100.00", "missing_lines": 0, "excluded_lines": 0}, "missing_lines": [], "excluded_lines": [], "functions": {"get_json_type": {"executed_lines": [49, 51, 53, 56, 57, 60], "summary": {"covered_lines": 6, "num_statements": 6, "percent_covered": 100.0, "percent_covered_display": "100.00", "missing_lines": 0, "excluded_lines": 0}, "missing_lines": [], "excluded_lines": []}, "": {"executed_lines": [1, 3, 4, 6, 22, 25, 36, 37, 39, 43, 64, 77, 78, 80, 83, 84, 85, 86, 89, 90, 91, 94, 95, 96, 99, 100, 101, 104, 105, 106, 109, 110, 113, 114, 117, 118, 123, 126, 127, 128, 131, 134, 139, 142, 145, 148, 170, 171, 173, 175, 176, 179, 180, 181, 184, 187, 188, 191, 192, 197, 200, 213, 214, 216, 218, 219, 220, 221, 222, 225, 226, 229, 232, 233, 236, 250, 251, 253, 255, 256, 257, 258, 261, 262, 265, 266, 269, 270, 275, 278, 286, 287, 289, 291, 292, 295, 296, 297, 300, 301, 304, 305, 310, 313, 321, 322, 324, 326, 327, 328, 329, 332, 335, 338, 348, 349, 351, 353, 354, 355, 356, 359, 362, 365, 373, 374, 376, 378, 379, 380, 381, 384, 385, 388, 391, 394, 403, 404, 406, 408, 409, 410, 411, 412, 415, 416, 417, 420, 423, 426, 427, 430, 431, 434], "summary": {"covered_lines": 143, "num_statements": 143, "percent_covered": 100.0, "percent_covered_display": "100.00", "missing_lines": 0, "excluded_lines": 0}, "missing_lines": [], "excluded_lines": []}}, "classes": {"Base": {"executed_lines": [], "summary": {"covered_lines": 0, "num_statements": 0, "percent_covered": 100.0, "percent_covered_display": "100.00", "missing_lines": 0, "excluded_lines": 0}, "missing_lines": [], "excluded_lines": []}, "Paper": {"executed_lines": [], "summary": {"covered_lines": 0, "num_statements": 0, "percent_covered": 100.0, "percent_covered_display": "100.00", "missing_lines": 0, "excluded_lines": 0}, "missing_lines": [], "excluded_lines": []}, "Author": {"executed_lines": [], "summary": {"covered_lines": 0, "num_statements": 0, "percent_covered": 100.0, "percent_covered_display": "100.00", "missing_lines": 0, "excluded_lines": 0}, "missing_lines": [], "excluded_lines": []}, "PaperRelation": {"executed_lines": [], "summary": {"covered_lines": 0, "num_statements": 0, "percent_covered": 100.0, "percent_covered_display": "100.00", "missing_lines": 0, "excluded_lines": 0}, "missing_lines": [], "excluded_lines": []}, "Venue": {"executed_lines": [], "summary": {"covered_lines": 0, "num_statements": 0, "percent_covered": 100.0, "percent_covered_display": "100.00", "missing_lines": 0, "excluded_lines": 0}, "missing_lines": [], "excluded_lines": []}, "Journal": {"executed_lines": [], "summary": {"covered_lines": 0, "num_statements": 0, "percent_covered": 100.0, "percent_covered_display": "100.00", "missing_lines": 0, "excluded_lines": 0}, "missing_lines": [], "excluded_lines": []}, "PaperExternalId": {"executed_lines": [], "summary": {"covered_lines": 0, "num_statements": 0, "percent_covered": 100.0, "percent_covered_display": "100.00", "missing_lines": 0, "excluded_lines": 0}, "missing_lines": [], "excluded_lines": []}, "PaperFieldOfStudy": {"executed_lines": [], "summary": {"covered_lines": 0, "num_statements": 0, "percent_covered": 100.0, "percent_covered_display": "100.00", "missing_lines": 0, "excluded_lines": 0}, "missing_lines": [], "excluded_lines": []}, "PaperKeyword": {"executed_lines": [], "summary": {"covered_lines": 0, "num_statements": 0, "percent_covered": 100.0, "percent_covered_display": "100.00", "missing_lines": 0, "excluded_lines": 0}, "missing_lines": [], "excluded_lines": []}, "ProcessingQueue": {"executed_lines": [], "summary": {"covered_lines": 0, "num_statements": 0, "percent_covered": 100.0, "percent_covered_display": "100.00", "missing_lines": 0, "excluded_lines": 0}, "missing_lines": [], "excluded_lines": []}, "": {"executed_lines": [1, 3, 4, 6, 22, 25, 36, 37, 39, 43, 49, 51, 53, 56, 57, 60, 64, 77, 78, 80, 83, 84, 85, 86, 89, 90, 91, 94, 95, 96, 99, 100, 101, 104, 105, 106, 109, 110, 113, 114, 117, 118, 123, 126, 127, 128, 131, 134, 139, 142, 145, 148, 170, 171, 173, 175, 176, 179, 180, 181, 184, 187, 188, 191, 192, 197, 200, 213, 214, 216, 218, 219, 220, 221, 222, 225, 226, 229, 232, 233, 236, 250, 251, 253, 255, 256, 257, 258, 261, 262, 265, 266, 269, 270, 275, 278, 286, 287, 289, 291, 292, 295, 296, 297, 300, 301, 304, 305, 310, 313, 321, 322, 324, 326, 327, 328, 329, 332, 335, 338, 348, 349, 351, 353, 354, 355, 356, 359, 362, 365, 373, 374, 376, 378, 379, 380, 381, 384, 385, 388, 391, 394, 403, 404, 406, 408, 409, 410, 411, 412, 415, 416, 417, 420, 423, 426, 427, 430, 431, 434], "summary": {"covered_lines": 149, "num_statements": 149, "percent_covered": 100.0, "percent_covered_display": "100.00", "missing_lines": 0, "excluded_lines": 0}, "missing_lines": [], "excluded_lines": []}}}, "src/refnet_shared/models/database_manager.py": {"executed_lines": [1, 3, 4, 5, 7, 8, 9, 11, 12, 13, 14, 16, 19, 20, 22, 24, 27, 37, 39, 41, 42, 43, 44, 45, 46, 48, 50, 51, 52, 53, 54, 55, 57, 58, 60, 61, 62, 63, 64, 65, 66, 67, 69, 71, 73, 74, 75, 76, 78, 79, 80, 82, 83, 85, 87, 90, 92, 98, 105, 106, 107, 109, 111, 112, 113, 115, 116, 117, 118, 122, 123, 124, 126, 128, 130, 132, 133, 135, 136, 137, 139, 141, 142, 144, 145, 149], "summary": {"covered_lines": 84, "num_statements": 97, "percent_covered": 86.5979381443299, "percent_covered_display": "86.60", "missing_lines": 13, "excluded_lines": 0}, "missing_lines": [81, 86, 88, 91, 93, 94, 96, 104, 119, 120, 121, 134, 143], "excluded_lines": [], "functions": {"DatabaseManager.__init__": {"executed_lines": [24, 27, 37], "summary": {"covered_lines": 3, "num_statements": 3, "percent_covered": 100.0, "percent_covered_display": "100.00", "missing_lines": 0, "excluded_lines": 0}, "missing_lines": [], "excluded_lines": []}, "DatabaseManager.create_tables": {"executed_lines": [41, 42, 43, 44, 45, 46], "summary": {"covered_lines": 6, "num_statements": 6, "percent_covered": 100.0, "percent_covered_display": "100.00", "missing_lines": 0, "excluded_lines": 0}, "missing_lines": [], "excluded_lines": []}, "DatabaseManager.drop_tables": {"executed_lines": [50, 51, 52, 53, 54, 55], "summary": {"covered_lines": 6, "num_statements": 6, "percent_covered": 100.0, "percent_covered_display": "100.00", "missing_lines": 0, "excluded_lines": 0}, "missing_lines": [], "excluded_lines": []}, "DatabaseManager.get_session": {"executed_lines": [60, 61, 62, 63, 64, 65, 66, 67, 69], "summary": {"covered_lines": 9, "num_statements": 9, "percent_covered": 100.0, "percent_covered_display": "100.00", "missing_lines": 0, "excluded_lines": 0}, "missing_lines": [], "excluded_lines": []}, "DatabaseManager.health_check": {"executed_lines": [73, 74, 75, 76, 78, 79, 80, 82, 83, 85, 87, 90, 92, 98, 105, 106, 107], "summary": {"covered_lines": 17, "num_statements": 25, "percent_covered": 68.0, "percent_covered_display": "68.00", "missing_lines": 8, "excluded_lines": 0}, "missing_lines": [81, 86, 88, 91, 93, 94, 96, 104], "excluded_lines": []}, "DatabaseManager.get_table_stats": {"executed_lines": [111, 112, 113, 115, 116, 117, 118, 122, 123, 124, 126], "summary": {"covered_lines": 11, "num_statements": 14, "percent_covered": 78.57142857142857, "percent_covered_display": "78.57", "missing_lines": 3, "excluded_lines": 0}, "missing_lines": [119, 120, 121], "excluded_lines": []}, "DatabaseManager.vacuum_analyze": {"executed_lines": [130, 132, 133, 135, 136, 137], "summary": {"covered_lines": 6, "num_statements": 7, "percent_covered": 85.71428571428571, "percent_covered_display": "85.71", "missing_lines": 1, "excluded_lines": 0}, "missing_lines": [134], "excluded_lines": []}, "DatabaseManager.close": {"executed_lines": [141, 142, 144, 145], "summary": {"covered_lines": 4, "num_statements": 5, "percent_covered": 80.0, "percent_covered_display": "80.00", "missing_lines": 1, "excluded_lines": 0}, "missing_lines": [143], "excluded_lines": []}, "": {"executed_lines": [1, 3, 4, 5, 7, 8, 9, 11, 12, 13, 14, 16, 19, 20, 22, 39, 48, 57, 58, 71, 109, 128, 139, 149], "summary": {"covered_lines": 22, "num_statements": 22, "percent_covered": 100.0, "percent_covered_display": "100.00", "missing_lines": 0, "excluded_lines": 0}, "missing_lines": [], "excluded_lines": []}}, "classes": {"DatabaseManager": {"executed_lines": [24, 27, 37, 41, 42, 43, 44, 45, 46, 50, 51, 52, 53, 54, 55, 60, 61, 62, 63, 64, 65, 66, 67, 69, 73, 74, 75, 76, 78, 79, 80, 82, 83, 85, 87, 90, 92, 98, 105, 106, 107, 111, 112, 113, 115, 116, 117, 118, 122, 123, 124, 126, 130, 132, 133, 135, 136, 137, 141, 142, 144, 145], "summary": {"covered_lines": 62, "num_statements": 75, "percent_covered": 82.66666666666667, "percent_covered_display": "82.67", "missing_lines": 13, "excluded_lines": 0}, "missing_lines": [81, 86, 88, 91, 93, 94, 96, 104, 119, 120, 121, 134, 143], "excluded_lines": []}, "": {"executed_lines": [1, 3, 4, 5, 7, 8, 9, 11, 12, 13, 14, 16, 19, 20, 22, 39, 48, 57, 58, 71, 109, 128, 139, 149], "summary": {"covered_lines": 22, "num_statements": 22, "percent_covered": 100.0, "percent_covered_display": "100.00", "missing_lines": 0, "excluded_lines": 0}, "missing_lines": [], "excluded_lines": []}}}, "src/refnet_shared/models/schemas.py": {"executed_lines": [1, 3, 4, 6, 10, 11, 13, 14, 15, 16, 17, 18, 19, 22, 23, 25, 28, 29, 31, 32, 33, 34, 35, 36, 37, 38, 39, 40, 41, 44, 45, 47, 48, 49, 50, 51, 52, 53, 54, 55, 56, 58, 62, 63, 65, 66, 67, 68, 71, 72, 74, 77, 78, 80, 81, 82, 83, 85, 89, 90, 92, 93, 94, 95, 96, 97, 100, 101, 103, 104, 105, 106, 107, 108, 109, 110, 112, 116, 117, 119, 120, 121, 122, 125, 126, 128, 129, 130, 131, 132, 133, 134, 135, 136, 137, 138, 139, 140, 141, 143, 147, 148, 150, 151, 152, 153, 154, 157, 158, 160, 161, 162, 163, 164, 165, 166, 168, 172, 173, 175, 176, 177, 180, 181, 183, 184, 185, 186, 187, 189, 193, 194, 196, 197, 198, 199, 200, 201, 202, 206, 207, 209, 210, 211, 212, 213, 214, 215, 216, 217, 218, 219, 220, 223, 224, 226, 227, 228, 229], "summary": {"covered_lines": 140, "num_statements": 140, "percent_covered": 100.0, "percent_covered_display": "100.00", "missing_lines": 0, "excluded_lines": 0}, "missing_lines": [], "excluded_lines": [], "functions": {"": {"executed_lines": [1, 3, 4, 6, 10, 11, 13, 14, 15, 16, 17, 18, 19, 22, 23, 25, 28, 29, 31, 32, 33, 34, 35, 36, 37, 38, 39, 40, 41, 44, 45, 47, 48, 49, 50, 51, 52, 53, 54, 55, 56, 58, 62, 63, 65, 66, 67, 68, 71, 72, 74, 77, 78, 80, 81, 82, 83, 85, 89, 90, 92, 93, 94, 95, 96, 97, 100, 101, 103, 104, 105, 106, 107, 108, 109, 110, 112, 116, 117, 119, 120, 121, 122, 125, 126, 128, 129, 130, 131, 132, 133, 134, 135, 136, 137, 138, 139, 140, 141, 143, 147, 148, 150, 151, 152, 153, 154, 157, 158, 160, 161, 162, 163, 164, 165, 166, 168, 172, 173, 175, 176, 177, 180, 181, 183, 184, 185, 186, 187, 189, 193, 194, 196, 197, 198, 199, 200, 201, 202, 206, 207, 209, 210, 211, 212, 213, 214, 215, 216, 217, 218, 219, 220, 223, 224, 226, 227, 228, 229], "summary": {"covered_lines": 140, "num_statements": 140, "percent_covered": 100.0, "percent_covered_display": "100.00", "missing_lines": 0, "excluded_lines": 0}, "missing_lines": [], "excluded_lines": []}}, "classes": {"PaperBase": {"executed_lines": [], "summary": {"covered_lines": 0, "num_statements": 0, "percent_covered": 100.0, "percent_covered_display": "100.00", "missing_lines": 0, "excluded_lines": 0}, "missing_lines": [], "excluded_lines": []}, "PaperCreate": {"executed_lines": [], "summary": {"covered_lines": 0, "num_statements": 0, "percent_covered": 100.0, "percent_covered_display": "100.00", "missing_lines": 0, "excluded_lines": 0}, "missing_lines": [], "excluded_lines": []}, "PaperUpdate": {"executed_lines": [], "summary": {"covered_lines": 0, "num_statements": 0, "percent_covered": 100.0, "percent_covered_display": "100.00", "missing_lines": 0, "excluded_lines": 0}, "missing_lines": [], "excluded_lines": []}, "PaperResponse": {"executed_lines": [], "summary": {"covered_lines": 0, "num_statements": 0, "percent_covered": 100.0, "percent_covered_display": "100.00", "missing_lines": 0, "excluded_lines": 0}, "missing_lines": [], "excluded_lines": []}, "AuthorBase": {"executed_lines": [], "summary": {"covered_lines": 0, "num_statements": 0, "percent_covered": 100.0, "percent_covered_display": "100.00", "missing_lines": 0, "excluded_lines": 0}, "missing_lines": [], "excluded_lines": []}, "AuthorCreate": {"executed_lines": [], "summary": {"covered_lines": 0, "num_statements": 0, "percent_covered": 100.0, "percent_covered_display": "100.00", "missing_lines": 0, "excluded_lines": 0}, "missing_lines": [], "excluded_lines": []}, "AuthorResponse": {"executed_lines": [], "summary": {"covered_lines": 0, "num_statements": 0, "percent_covered": 100.0, "percent_covered_display": "100.00", "missing_lines": 0, "excluded_lines": 0}, "missing_lines": [], "excluded_lines": []}, "PaperRelationCreate": {"executed_lines": [], "summary": {"covered_lines": 0, "num_statements": 0, "percent_covered": 100.0, "percent_covered_display": "100.00", "missing_lines": 0, "excluded_lines": 0}, "missing_lines": [], "excluded_lines": []}, "PaperRelationResponse": {"executed_lines": [], "summary": {"covered_lines": 0, "num_statements": 0, "percent_covered": 100.0, "percent_covered_display": "100.00", "missing_lines": 0, "excluded_lines": 0}, "missing_lines": [], "excluded_lines": []}, "ProcessingQueueCreate": {"executed_lines": [], "summary": {"covered_lines": 0, "num_statements": 0, "percent_covered": 100.0, "percent_covered_display": "100.00", "missing_lines": 0, "excluded_lines": 0}, "missing_lines": [], "excluded_lines": []}, "ProcessingQueueResponse": {"executed_lines": [], "summary": {"covered_lines": 0, "num_statements": 0, "percent_covered": 100.0, "percent_covered_display": "100.00", "missing_lines": 0, "excluded_lines": 0}, "missing_lines": [], "excluded_lines": []}, "PaperKeywordCreate": {"executed_lines": [], "summary": {"covered_lines": 0, "num_statements": 0, "percent_covered": 100.0, "percent_covered_display": "100.00", "missing_lines": 0, "excluded_lines": 0}, "missing_lines": [], "excluded_lines": []}, "PaperKeywordResponse": {"executed_lines": [], "summary": {"covered_lines": 0, "num_statements": 0, "percent_covered": 100.0, "percent_covered_display": "100.00", "missing_lines": 0, "excluded_lines": 0}, "missing_lines": [], "excluded_lines": []}, "PaperExternalIdCreate": {"executed_lines": [], "summary": {"covered_lines": 0, "num_statements": 0, "percent_covered": 100.0, "percent_covered_display": "100.00", "missing_lines": 0, "excluded_lines": 0}, "missing_lines": [], "excluded_lines": []}, "PaperExternalIdResponse": {"executed_lines": [], "summary": {"covered_lines": 0, "num_statements": 0, "percent_covered": 100.0, "percent_covered_display": "100.00", "missing_lines": 0, "excluded_lines": 0}, "missing_lines": [], "excluded_lines": []}, "DatabaseStats": {"executed_lines": [], "summary": {"covered_lines": 0, "num_statements": 0, "percent_covered": 100.0, "percent_covered_display": "100.00", "missing_lines": 0, "excluded_lines": 0}, "missing_lines": [], "excluded_lines": []}, "PaperSearchParams": {"executed_lines": [], "summary": {"covered_lines": 0, "num_statements": 0, "percent_covered": 100.0, "percent_covered_display": "100.00", "missing_lines": 0, "excluded_lines": 0}, "missing_lines": [], "excluded_lines": []}, "PaperSearchResponse": {"executed_lines": [], "summary": {"covered_lines": 0, "num_statements": 0, "percent_covered": 100.0, "percent_covered_display": "100.00", "missing_lines": 0, "excluded_lines": 0}, "missing_lines": [], "excluded_lines": []}, "": {"executed_lines": [1, 3, 4, 6, 10, 11, 13, 14, 15, 16, 17, 18, 19, 22, 23, 25, 28, 29, 31, 32, 33, 34, 35, 36, 37, 38, 39, 40, 41, 44, 45, 47, 48, 49, 50, 51, 52, 53, 54, 55, 56, 58, 62, 63, 65, 66, 67, 68, 71, 72, 74, 77, 78, 80, 81, 82, 83, 85, 89, 90, 92, 93, 94, 95, 96, 97, 100, 101, 103, 104, 105, 106, 107, 108, 109, 110, 112, 116, 117, 119, 120, 121, 122, 125, 126, 128, 129, 130, 131, 132, 133, 134, 135, 136, 137, 138, 139, 140, 141, 143, 147, 148, 150, 151, 152, 153, 154, 157, 158, 160, 161, 162, 163, 164, 165, 166, 168, 172, 173, 175, 176, 177, 180, 181, 183, 184, 185, 186, 187, 189, 193, 194, 196, 197, 198, 199, 200, 201, 202, 206, 207, 209, 210, 211, 212, 213, 214, 215, 216, 217, 218, 219, 220, 223, 224, 226, 227, 228, 229], "summary": {"covered_lines": 140, "num_statements": 140, "percent_covered": 100.0, "percent_covered_display": "100.00", "missing_lines": 0, "excluded_lines": 0}, "missing_lines": [], "excluded_lines": []}}}, "src/refnet_shared/security/__init__.py": {"executed_lines": [1, 3, 4, 14], "summary": {"covered_lines": 3, "num_statements": 3, "percent_covered": 100.0, "percent_covered_display": "100.00", "missing_lines": 0, "excluded_lines": 0}, "missing_lines": [], "excluded_lines": [], "functions": {"": {"executed_lines": [1, 3, 4, 14], "summary": {"covered_lines": 3, "num_statements": 3, "percent_covered": 100.0, "percent_covered_display": "100.00", "missing_lines": 0, "excluded_lines": 0}, "missing_lines": [], "excluded_lines": []}}, "classes": {"": {"executed_lines": [1, 3, 4, 14], "summary": {"covered_lines": 3, "num_statements": 3, "percent_covered": 100.0, "percent_covered_display": "100.00", "missing_lines": 0, "excluded_lines": 0}, "missing_lines": [], "excluded_lines": []}}}, "src/refnet_shared/security/audit_logger.py": {"executed_lines": [1, 3, 4, 5, 7, 8, 10, 13, 14, 16, 17, 18, 19, 20, 21, 22, 23, 24, 25, 28, 29, 31, 32, 33, 34, 35, 36, 37, 38, 39, 40, 41, 42, 43, 45, 46, 47, 50, 51, 53, 55, 57, 59, 76, 77, 78, 79, 80, 81, 83, 85, 93, 103, 105, 113, 123, 125, 135, 147, 149, 159, 173, 175, 183, 192, 194, 203, 214, 216, 225, 235, 237, 248, 249, 250, 251, 252, 254, 269, 273], "summary": {"covered_lines": 75, "num_statements": 75, "percent_covered": 100.0, "percent_covered_display": "100.00", "missing_lines": 0, "excluded_lines": 0}, "missing_lines": [], "excluded_lines": [], "functions": {"SecurityAuditLogger.__init__": {"executed_lines": [55], "summary": {"covered_lines": 1, "num_statements": 1, "percent_covered": 100.0, "percent_covered_display": "100.00", "missing_lines": 0, "excluded_lines": 0}, "missing_lines": [], "excluded_lines": []}, "SecurityAuditLogger.log_event": {"executed_lines": [59, 76, 77, 78, 79, 80, 81, 83], "summary": {"covered_lines": 8, "num_statements": 8, "percent_covered": 100.0, "percent_covered_display": "100.00", "missing_lines": 0, "excluded_lines": 0}, "missing_lines": [], "excluded_lines": []}, "SecurityAuditLogger.log_authentication_success": {"executed_lines": [93, 103], "summary": {"covered_lines": 2, "num_statements": 2, "percent_covered": 100.0, "percent_covered_display": "100.00", "missing_lines": 0, "excluded_lines": 0}, "missing_lines": [], "excluded_lines": []}, "SecurityAuditLogger.log_authentication_failed": {"executed_lines": [113, 123], "summary": {"covered_lines": 2, "num_statements": 2, "percent_covered": 100.0, "percent_covered_display": "100.00", "missing_lines": 0, "excluded_lines": 0}, "missing_lines": [], "excluded_lines": []}, "SecurityAuditLogger.log_authorization_failed": {"executed_lines": [135, 147], "summary": {"covered_lines": 2, "num_statements": 2, "percent_covered": 100.0, "percent_covered_display": "100.00", "missing_lines": 0, "excluded_lines": 0}, "missing_lines": [], "excluded_lines": []}, "SecurityAuditLogger.log_rate_limit_exceeded": {"executed_lines": [159, 173], "summary": {"covered_lines": 2, "num_statements": 2, "percent_covered": 100.0, "percent_covered_display": "100.00", "missing_lines": 0, "excluded_lines": 0}, "missing_lines": [], "excluded_lines": []}, "SecurityAuditLogger.log_suspicious_activity": {"executed_lines": [183, 192], "summary": {"covered_lines": 2, "num_statements": 2, "percent_covered": 100.0, "percent_covered_display": "100.00", "missing_lines": 0, "excluded_lines": 0}, "missing_lines": [], "excluded_lines": []}, "SecurityAuditLogger.log_admin_action": {"executed_lines": [203, 214], "summary": {"covered_lines": 2, "num_statements": 2, "percent_covered": 100.0, "percent_covered_display": "100.00", "missing_lines": 0, "excluded_lines": 0}, "missing_lines": [], "excluded_lines": []}, "SecurityAuditLogger.log_flower_access": {"executed_lines": [225, 235], "summary": {"covered_lines": 2, "num_statements": 2, "percent_covered": 100.0, "percent_covered_display": "100.00", "missing_lines": 0, "excluded_lines": 0}, "missing_lines": [], "excluded_lines": []}, "SecurityAuditLogger.log_api_access": {"executed_lines": [248, 249, 250, 251, 252, 254, 269], "summary": {"covered_lines": 7, "num_statements": 7, "percent_covered": 100.0, "percent_covered_display": "100.00", "missing_lines": 0, "excluded_lines": 0}, "missing_lines": [], "excluded_lines": []}, "": {"executed_lines": [1, 3, 4, 5, 7, 8, 10, 13, 14, 16, 17, 18, 19, 20, 21, 22, 23, 24, 25, 28, 29, 31, 32, 33, 34, 35, 36, 37, 38, 39, 40, 41, 42, 43, 45, 46, 47, 50, 51, 53, 57, 85, 105, 125, 149, 175, 194, 216, 237, 273], "summary": {"covered_lines": 45, "num_statements": 45, "percent_covered": 100.0, "percent_covered_display": "100.00", "missing_lines": 0, "excluded_lines": 0}, "missing_lines": [], "excluded_lines": []}}, "classes": {"SecurityEventType": {"executed_lines": [], "summary": {"covered_lines": 0, "num_statements": 0, "percent_covered": 100.0, "percent_covered_display": "100.00", "missing_lines": 0, "excluded_lines": 0}, "missing_lines": [], "excluded_lines": []}, "SecurityAuditEvent": {"executed_lines": [], "summary": {"covered_lines": 0, "num_statements": 0, "percent_covered": 100.0, "percent_covered_display": "100.00", "missing_lines": 0, "excluded_lines": 0}, "missing_lines": [], "excluded_lines": []}, "SecurityAuditEvent.Config": {"executed_lines": [], "summary": {"covered_lines": 0, "num_statements": 0, "percent_covered": 100.0, "percent_covered_display": "100.00", "missing_lines": 0, "excluded_lines": 0}, "missing_lines": [], "excluded_lines": []}, "SecurityAuditLogger": {"executed_lines": [55, 59, 76, 77, 78, 79, 80, 81, 83, 93, 103, 113, 123, 135, 147, 159, 173, 183, 192, 203, 214, 225, 235, 248, 249, 250, 251, 252, 254, 269], "summary": {"covered_lines": 30, "num_statements": 30, "percent_covered": 100.0, "percent_covered_display": "100.00", "missing_lines": 0, "excluded_lines": 0}, "missing_lines": [], "excluded_lines": []}, "": {"executed_lines": [1, 3, 4, 5, 7, 8, 10, 13, 14, 16, 17, 18, 19, 20, 21, 22, 23, 24, 25, 28, 29, 31, 32, 33, 34, 35, 36, 37, 38, 39, 40, 41, 42, 43, 45, 46, 47, 50, 51, 53, 57, 85, 105, 125, 149, 175, 194, 216, 237, 273], "summary": {"covered_lines": 45, "num_statements": 45, "percent_covered": 100.0, "percent_covered_display": "100.00", "missing_lines": 0, "excluded_lines": 0}, "missing_lines": [], "excluded_lines": []}}}, "src/refnet_shared/security/celery_security.py": {"executed_lines": [1, 3, 4, 5, 7, 8, 9, 11, 13, 16, 17, 20, 31, 40, 51, 58, 59, 61, 63, 64, 66, 68, 69, 71, 73, 74, 76, 79, 82, 83, 84, 88, 91, 92, 94, 95, 98, 107, 110, 111, 119, 121, 124, 127, 128, 129, 133, 136, 137, 139, 140, 143, 152, 154, 156, 159, 162, 163, 164, 168, 171, 173, 174, 177, 184, 186, 188, 191, 194, 195, 196, 197, 199, 200, 202, 204, 205, 206, 207, 208, 209, 210, 212, 215, 219, 220, 223, 224, 227, 231, 234, 236, 237, 241, 245, 248, 249, 251, 253, 255, 258, 259, 262, 266, 267, 270, 272, 274, 283], "summary": {"covered_lines": 106, "num_statements": 113, "percent_covered": 93.80530973451327, "percent_covered_display": "93.81", "missing_lines": 7, "excluded_lines": 0}, "missing_lines": [85, 86, 130, 131, 165, 166, 263], "excluded_lines": [], "functions": {"CeleryTaskPermission.is_admin_required": {"executed_lines": [61], "summary": {"covered_lines": 1, "num_statements": 1, "percent_covered": 100.0, "percent_covered_display": "100.00", "missing_lines": 0, "excluded_lines": 0}, "missing_lines": [], "excluded_lines": []}, "CeleryTaskPermission.is_high_risk": {"executed_lines": [66], "summary": {"covered_lines": 1, "num_statements": 1, "percent_covered": 100.0, "percent_covered_display": "100.00", "missing_lines": 0, "excluded_lines": 0}, "missing_lines": [], "excluded_lines": []}, "CeleryTaskPermission.is_user_allowed": {"executed_lines": [71], "summary": {"covered_lines": 1, "num_statements": 1, "percent_covered": 100.0, "percent_covered_display": "100.00", "missing_lines": 0, "excluded_lines": 0}, "missing_lines": [], "excluded_lines": []}, "CeleryTaskPermission.is_system_only": {"executed_lines": [76], "summary": {"covered_lines": 1, "num_statements": 1, "percent_covered": 100.0, "percent_covered_display": "100.00", "missing_lines": 0, "excluded_lines": 0}, "missing_lines": [], "excluded_lines": []}, "require_admin_permission": {"executed_lines": [82, 83, 121], "summary": {"covered_lines": 3, "num_statements": 3, "percent_covered": 100.0, "percent_covered_display": "100.00", "missing_lines": 0, "excluded_lines": 0}, "missing_lines": [], "excluded_lines": []}, "require_admin_permission.wrapper": {"executed_lines": [84, 88, 91, 92, 94, 95, 98, 107, 110, 111, 119], "summary": {"covered_lines": 11, "num_statements": 13, "percent_covered": 84.61538461538461, "percent_covered_display": "84.62", "missing_lines": 2, "excluded_lines": 0}, "missing_lines": [85, 86], "excluded_lines": []}, "require_user_permission": {"executed_lines": [127, 128, 156], "summary": {"covered_lines": 3, "num_statements": 3, "percent_covered": 100.0, "percent_covered_display": "100.00", "missing_lines": 0, "excluded_lines": 0}, "missing_lines": [], "excluded_lines": []}, "require_user_permission.wrapper": {"executed_lines": [129, 133, 136, 137, 139, 140, 143, 152, 154], "summary": {"covered_lines": 9, "num_statements": 11, "percent_covered": 81.81818181818181, "percent_covered_display": "81.82", "missing_lines": 2, "excluded_lines": 0}, "missing_lines": [130, 131], "excluded_lines": []}, "system_task_only": {"executed_lines": [162, 163, 188], "summary": {"covered_lines": 3, "num_statements": 3, "percent_covered": 100.0, "percent_covered_display": "100.00", "missing_lines": 0, "excluded_lines": 0}, "missing_lines": [], "excluded_lines": []}, "system_task_only.wrapper": {"executed_lines": [164, 168, 171, 173, 174, 177, 184, 186], "summary": {"covered_lines": 8, "num_statements": 10, "percent_covered": 80.0, "percent_covered_display": "80.00", "missing_lines": 2, "excluded_lines": 0}, "missing_lines": [165, 166], "excluded_lines": []}, "log_task_execution": {"executed_lines": [194, 195, 212], "summary": {"covered_lines": 3, "num_statements": 3, "percent_covered": 100.0, "percent_covered_display": "100.00", "missing_lines": 0, "excluded_lines": 0}, "missing_lines": [], "excluded_lines": []}, "log_task_execution.wrapper": {"executed_lines": [196, 197, 199, 200, 202, 204, 205, 206, 207, 208, 209, 210], "summary": {"covered_lines": 12, "num_statements": 12, "percent_covered": 100.0, "percent_covered_display": "100.00", "missing_lines": 0, "excluded_lines": 0}, "missing_lines": [], "excluded_lines": []}, "_check_admin_permission": {"executed_lines": [219, 220, 223, 224], "summary": {"covered_lines": 4, "num_statements": 4, "percent_covered": 100.0, "percent_covered_display": "100.00", "missing_lines": 0, "excluded_lines": 0}, "missing_lines": [], "excluded_lines": []}, "_check_user_permission": {"executed_lines": [231], "summary": {"covered_lines": 1, "num_statements": 1, "percent_covered": 100.0, "percent_covered_display": "100.00", "missing_lines": 0, "excluded_lines": 0}, "missing_lines": [], "excluded_lines": []}, "_is_scheduled_execution": {"executed_lines": [236, 237, 241, 245], "summary": {"covered_lines": 4, "num_statements": 4, "percent_covered": 100.0, "percent_covered_display": "100.00", "missing_lines": 0, "excluded_lines": 0}, "missing_lines": [], "excluded_lines": []}, "CelerySecurityMiddleware.__init__": {"executed_lines": [253], "summary": {"covered_lines": 1, "num_statements": 1, "percent_covered": 100.0, "percent_covered_display": "100.00", "missing_lines": 0, "excluded_lines": 0}, "missing_lines": [], "excluded_lines": []}, "CelerySecurityMiddleware.check_task_permission": {"executed_lines": [258, 259, 262, 266, 267, 270], "summary": {"covered_lines": 6, "num_statements": 7, "percent_covered": 85.71428571428571, "percent_covered_display": "85.71", "missing_lines": 1, "excluded_lines": 0}, "missing_lines": [263], "excluded_lines": []}, "CelerySecurityMiddleware.get_task_security_info": {"executed_lines": [274], "summary": {"covered_lines": 1, "num_statements": 1, "percent_covered": 100.0, "percent_covered_display": "100.00", "missing_lines": 0, "excluded_lines": 0}, "missing_lines": [], "excluded_lines": []}, "": {"executed_lines": [1, 3, 4, 5, 7, 8, 9, 11, 13, 16, 17, 20, 31, 40, 51, 58, 59, 63, 64, 68, 69, 73, 74, 79, 124, 159, 191, 215, 227, 234, 248, 249, 251, 255, 272, 283], "summary": {"covered_lines": 33, "num_statements": 33, "percent_covered": 100.0, "percent_covered_display": "100.00", "missing_lines": 0, "excluded_lines": 0}, "missing_lines": [], "excluded_lines": []}}, "classes": {"CeleryTaskPermission": {"executed_lines": [61, 66, 71, 76], "summary": {"covered_lines": 4, "num_statements": 4, "percent_covered": 100.0, "percent_covered_display": "100.00", "missing_lines": 0, "excluded_lines": 0}, "missing_lines": [], "excluded_lines": []}, "CelerySecurityMiddleware": {"executed_lines": [253, 258, 259, 262, 266, 267, 270, 274], "summary": {"covered_lines": 8, "num_statements": 9, "percent_covered": 88.88888888888889, "percent_covered_display": "88.89", "missing_lines": 1, "excluded_lines": 0}, "missing_lines": [263], "excluded_lines": []}, "": {"executed_lines": [1, 3, 4, 5, 7, 8, 9, 11, 13, 16, 17, 20, 31, 40, 51, 58, 59, 63, 64, 68, 69, 73, 74, 79, 82, 83, 84, 88, 91, 92, 94, 95, 98, 107, 110, 111, 119, 121, 124, 127, 128, 129, 133, 136, 137, 139, 140, 143, 152, 154, 156, 159, 162, 163, 164, 168, 171, 173, 174, 177, 184, 186, 188, 191, 194, 195, 196, 197, 199, 200, 202, 204, 205, 206, 207, 208, 209, 210, 212, 215, 219, 220, 223, 224, 227, 231, 234, 236, 237, 241, 245, 248, 249, 251, 255, 272, 283], "summary": {"covered_lines": 94, "num_statements": 100, "percent_covered": 94.0, "percent_covered_display": "94.00", "missing_lines": 6, "excluded_lines": 0}, "missing_lines": [85, 86, 130, 131, 165, 166], "excluded_lines": []}}}, "src/refnet_shared/tasks/__init__.py": {"executed_lines": [1, 3, 6], "summary": {"covered_lines": 2, "num_statements": 2, "percent_covered": 100.0, "percent_covered_display": "100.00", "missing_lines": 0, "excluded_lines": 0}, "missing_lines": [], "excluded_lines": [], "functions": {"": {"executed_lines": [1, 3, 6], "summary": {"covered_lines": 2, "num_statements": 2, "percent_covered": 100.0, "percent_covered_display": "100.00", "missing_lines": 0, "excluded_lines": 0}, "missing_lines": [], "excluded_lines": []}}, "classes": {"": {"executed_lines": [1, 3, 6], "summary": {"covered_lines": 2, "num_statements": 2, "percent_covered": 100.0, "percent_covered_display": "100.00", "missing_lines": 0, "excluded_lines": 0}, "missing_lines": [], "excluded_lines": []}}}, "src/refnet_shared/tasks/maintenance.py": {"executed_lines": [1, 3, 4, 6, 7, 9, 10, 11, 13, 16, 17, 19, 20, 22, 24, 36, 38, 40, 47, 48, 50, 51, 52], "summary": {"covered_lines": 22, "num_statements": 23, "percent_covered": 95.65217391304348, "percent_covered_display": "95.65", "missing_lines": 1, "excluded_lines": 0}, "missing_lines": [53], "excluded_lines": [], "functions": {"cleanup_old_data": {"executed_lines": [19, 20, 22, 24, 36, 38, 40, 47, 48, 50, 51, 52], "summary": {"covered_lines": 12, "num_statements": 13, "percent_covered": 92.3076923076923, "percent_covered_display": "92.31", "missing_lines": 1, "excluded_lines": 0}, "missing_lines": [53], "excluded_lines": []}, "": {"executed_lines": [1, 3, 4, 6, 7, 9, 10, 11, 13, 16, 17], "summary": {"covered_lines": 10, "num_statements": 10, "percent_covered": 100.0, "percent_covered_display": "100.00", "missing_lines": 0, "excluded_lines": 0}, "missing_lines": [], "excluded_lines": []}}, "classes": {"": {"executed_lines": [1, 3, 4, 6, 7, 9, 10, 11, 13, 16, 17, 19, 20, 22, 24, 36, 38, 40, 47, 48, 50, 51, 52], "summary": {"covered_lines": 22, "num_statements": 23, "percent_covered": 95.65217391304348, "percent_covered_display": "95.65", "missing_lines": 1, "excluded_lines": 0}, "missing_lines": [53], "excluded_lines": []}}}, "src/refnet_shared/tasks/monitoring.py": {"executed_lines": [1, 3, 4, 6, 7, 9, 11, 14, 15, 17, 24, 26, 27, 28, 29, 34, 35, 41, 45, 46, 49, 52, 53], "summary": {"covered_lines": 22, "num_statements": 22, "percent_covered": 100.0, "percent_covered_display": "100.00", "missing_lines": 0, "excluded_lines": 0}, "missing_lines": [], "excluded_lines": [], "functions": {"health_check_all_services": {"executed_lines": [17, 24, 26, 27, 28, 29, 34, 35, 41, 45, 46, 49, 52, 53], "summary": {"covered_lines": 14, "num_statements": 14, "percent_covered": 100.0, "percent_covered_display": "100.00", "missing_lines": 0, "excluded_lines": 0}, "missing_lines": [], "excluded_lines": []}, "": {"executed_lines": [1, 3, 4, 6, 7, 9, 11, 14, 15], "summary": {"covered_lines": 8, "num_statements": 8, "percent_covered": 100.0, "percent_covered_display": "100.00", "missing_lines": 0, "excluded_lines": 0}, "missing_lines": [], "excluded_lines": []}}, "classes": {"": {"executed_lines": [1, 3, 4, 6, 7, 9, 11, 14, 15, 17, 24, 26, 27, 28, 29, 34, 35, 41, 45, 46, 49, 52, 53], "summary": {"covered_lines": 22, "num_statements": 22, "percent_covered": 100.0, "percent_covered_display": "100.00", "missing_lines": 0, "excluded_lines": 0}, "missing_lines": [], "excluded_lines": []}}}, "src/refnet_shared/tasks/monitoring_tasks.py": {"executed_lines": [1, 3, 4, 5, 7, 8, 10, 11, 12, 14, 17, 18, 20, 22, 23, 25, 27, 28, 31, 33, 35, 38, 40, 43, 45, 47, 48, 51, 52, 55, 59, 63, 71, 72, 74, 76, 78, 81, 84, 85, 87, 90, 96, 97, 98, 100, 103, 104, 105, 107, 110, 111, 112, 115, 116, 118, 121, 122, 124, 132, 133, 134, 137, 138, 140, 142, 143, 146, 147, 150, 153, 154, 157, 159, 168, 169, 170], "summary": {"covered_lines": 75, "num_statements": 82, "percent_covered": 91.46341463414635, "percent_covered_display": "91.46", "missing_lines": 7, "excluded_lines": 0}, "missing_lines": [56, 60, 64, 66, 67, 91, 93], "excluded_lines": [], "functions": {"MonitoringTask.on_success": {"executed_lines": [22, 23], "summary": {"covered_lines": 2, "num_statements": 2, "percent_covered": 100.0, "percent_covered_display": "100.00", "missing_lines": 0, "excluded_lines": 0}, "missing_lines": [], "excluded_lines": []}, "MonitoringTask.on_failure": {"executed_lines": [27, 28, 31, 33, 35, 38], "summary": {"covered_lines": 6, "num_statements": 6, "percent_covered": 100.0, "percent_covered_display": "100.00", "missing_lines": 0, "excluded_lines": 0}, "missing_lines": [], "excluded_lines": []}, "MonitoringTask._send_alert": {"executed_lines": [43], "summary": {"covered_lines": 1, "num_statements": 1, "percent_covered": 100.0, "percent_covered_display": "100.00", "missing_lines": 0, "excluded_lines": 0}, "missing_lines": [], "excluded_lines": []}, "MonitoringTask._trigger_auto_recovery": {"executed_lines": [47, 48, 51, 52, 55, 59, 63], "summary": {"covered_lines": 7, "num_statements": 12, "percent_covered": 58.333333333333336, "percent_covered_display": "58.33", "missing_lines": 5, "excluded_lines": 0}, "missing_lines": [56, 60, 64, 66, 67], "excluded_lines": []}, "critical_system_check": {"executed_lines": [74, 76, 78, 81, 84, 85, 87, 90, 96, 97, 98, 100, 103, 104, 105, 107, 110, 111, 112, 115, 116, 118, 121, 122, 124, 132, 133, 134], "summary": {"covered_lines": 28, "num_statements": 30, "percent_covered": 93.33333333333333, "percent_covered_display": "93.33", "missing_lines": 2, "excluded_lines": 0}, "missing_lines": [91, 93], "excluded_lines": []}, "auto_recovery_health_check": {"executed_lines": [140, 142, 143, 146, 147, 150, 153, 154, 157, 159, 168, 169, 170], "summary": {"covered_lines": 13, "num_statements": 13, "percent_covered": 100.0, "percent_covered_display": "100.00", "missing_lines": 0, "excluded_lines": 0}, "missing_lines": [], "excluded_lines": []}, "": {"executed_lines": [1, 3, 4, 5, 7, 8, 10, 11, 12, 14, 17, 18, 20, 25, 40, 45, 71, 72, 137, 138], "summary": {"covered_lines": 18, "num_statements": 18, "percent_covered": 100.0, "percent_covered_display": "100.00", "missing_lines": 0, "excluded_lines": 0}, "missing_lines": [], "excluded_lines": []}}, "classes": {"MonitoringTask": {"executed_lines": [22, 23, 27, 28, 31, 33, 35, 38, 43, 47, 48, 51, 52, 55, 59, 63], "summary": {"covered_lines": 16, "num_statements": 21, "percent_covered": 76.19047619047619, "percent_covered_display": "76.19", "missing_lines": 5, "excluded_lines": 0}, "missing_lines": [56, 60, 64, 66, 67], "excluded_lines": []}, "": {"executed_lines": [1, 3, 4, 5, 7, 8, 10, 11, 12, 14, 17, 18, 20, 25, 40, 45, 71, 72, 74, 76, 78, 81, 84, 85, 87, 90, 96, 97, 98, 100, 103, 104, 105, 107, 110, 111, 112, 115, 116, 118, 121, 122, 124, 132, 133, 134, 137, 138, 140, 142, 143, 146, 147, 150, 153, 154, 157, 159, 168, 169, 170], "summary": {"covered_lines": 59, "num_statements": 61, "percent_covered": 96.72131147540983, "percent_covered_display": "96.72", "missing_lines": 2, "excluded_lines": 0}, "missing_lines": [91, 93], "excluded_lines": []}}}, "src/refnet_shared/tasks/scheduled_tasks.py": {"executed_lines": [1, 3, 4, 5, 6, 7, 8, 10, 11, 13, 14, 15, 16, 18, 21, 22, 24, 26, 28, 30, 33, 34, 36, 38, 39, 41, 60, 61, 62, 65, 66, 68, 70, 71, 73, 97, 98, 99, 102, 103, 105, 107, 108, 110, 129, 130, 131, 134, 135, 137, 139, 140, 141, 144, 145, 151, 168, 169, 170, 173, 174, 176, 178, 179, 181, 183, 184, 185, 187, 188, 189, 192, 193, 195, 197, 198, 199, 202, 226, 227, 228, 231, 232, 234, 236, 237, 239, 240, 241, 243, 245, 246, 257, 259, 271, 272, 274, 276, 277, 279, 281, 282, 283, 322, 323, 325, 327, 328, 330, 331, 334, 335, 338, 339, 342, 343, 344, 348, 367, 376, 377, 378], "summary": {"covered_lines": 120, "num_statements": 205, "percent_covered": 58.53658536585366, "percent_covered_display": "58.54", "missing_lines": 85, "excluded_lines": 0}, "missing_lines": [43, 45, 47, 48, 50, 51, 52, 53, 54, 56, 58, 80, 82, 84, 85, 87, 88, 89, 90, 91, 93, 95, 112, 114, 116, 117, 119, 120, 121, 122, 123, 125, 127, 152, 155, 156, 157, 162, 164, 166, 186, 196, 203, 205, 212, 214, 215, 216, 217, 218, 220, 222, 224, 247, 248, 251, 252, 253, 254, 255, 266, 267, 268, 286, 287, 290, 301, 302, 304, 306, 308, 310, 312, 314, 315, 317, 318, 319, 345, 346, 368, 369, 370, 372, 374], "excluded_lines": [], "functions": {"CallbackTask.on_success": {"executed_lines": [26], "summary": {"covered_lines": 1, "num_statements": 1, "percent_covered": 100.0, "percent_covered_display": "100.00", "missing_lines": 0, "excluded_lines": 0}, "missing_lines": [], "excluded_lines": []}, "CallbackTask.on_failure": {"executed_lines": [30], "summary": {"covered_lines": 1, "num_statements": 1, "percent_covered": 100.0, "percent_covered_display": "100.00", "missing_lines": 0, "excluded_lines": 0}, "missing_lines": [], "excluded_lines": []}, "collect_new_papers": {"executed_lines": [36, 38, 39, 41, 60, 61, 62], "summary": {"covered_lines": 7, "num_statements": 18, "percent_covered": 38.888888888888886, "percent_covered_display": "38.89", "missing_lines": 11, "excluded_lines": 0}, "missing_lines": [43, 45, 47, 48, 50, 51, 52, 53, 54, 56, 58], "excluded_lines": []}, "process_pending_summaries": {"executed_lines": [68, 70, 71, 73, 97, 98, 99], "summary": {"covered_lines": 7, "num_statements": 18, "percent_covered": 38.888888888888886, "percent_covered_display": "38.89", "missing_lines": 11, "excluded_lines": 0}, "missing_lines": [80, 82, 84, 85, 87, 88, 89, 90, 91, 93, 95], "excluded_lines": []}, "generate_markdown_files": {"executed_lines": [105, 107, 108, 110, 129, 130, 131], "summary": {"covered_lines": 7, "num_statements": 18, "percent_covered": 38.888888888888886, "percent_covered_display": "38.89", "missing_lines": 11, "excluded_lines": 0}, "missing_lines": [112, 114, 116, 117, 119, 120, 121, 122, 123, 125, 127], "excluded_lines": []}, "database_maintenance": {"executed_lines": [137, 139, 140, 141, 144, 145, 151, 168, 169, 170], "summary": {"covered_lines": 10, "num_statements": 17, "percent_covered": 58.8235294117647, "percent_covered_display": "58.82", "missing_lines": 7, "excluded_lines": 0}, "missing_lines": [152, 155, 156, 157, 162, 164, 166], "excluded_lines": []}, "system_health_check": {"executed_lines": [176, 178, 179, 181, 183, 184, 185, 187, 188, 189, 192, 193, 195, 197, 198, 199, 202, 226, 227, 228], "summary": {"covered_lines": 20, "num_statements": 33, "percent_covered": 60.60606060606061, "percent_covered_display": "60.61", "missing_lines": 13, "excluded_lines": 0}, "missing_lines": [186, 196, 203, 205, 212, 214, 215, 216, 217, 218, 220, 222, 224], "excluded_lines": []}, "cleanup_old_logs": {"executed_lines": [234, 236, 237, 239, 240, 241, 243, 245, 246, 257, 259], "summary": {"covered_lines": 11, "num_statements": 21, "percent_covered": 52.38095238095238, "percent_covered_display": "52.38", "missing_lines": 10, "excluded_lines": 0}, "missing_lines": [247, 248, 251, 252, 253, 254, 255, 266, 267, 268], "excluded_lines": []}, "backup_database": {"executed_lines": [274, 276, 277, 279, 281, 282, 283], "summary": {"covered_lines": 7, "num_statements": 22, "percent_covered": 31.818181818181817, "percent_covered_display": "31.82", "missing_lines": 15, "excluded_lines": 0}, "missing_lines": [286, 287, 290, 301, 302, 304, 306, 308, 310, 312, 314, 315, 317, 318, 319], "excluded_lines": []}, "generate_stats_report": {"executed_lines": [325, 327, 328, 330, 331, 334, 335, 338, 339, 342, 343, 344, 348, 367, 376, 377, 378], "summary": {"covered_lines": 17, "num_statements": 24, "percent_covered": 70.83333333333333, "percent_covered_display": "70.83", "missing_lines": 7, "excluded_lines": 0}, "missing_lines": [345, 346, 368, 369, 370, 372, 374], "excluded_lines": []}, "": {"executed_lines": [1, 3, 4, 5, 6, 7, 8, 10, 11, 13, 14, 15, 16, 18, 21, 22, 24, 28, 33, 34, 65, 66, 102, 103, 134, 135, 173, 174, 231, 232, 271, 272, 322, 323], "summary": {"covered_lines": 32, "num_statements": 32, "percent_covered": 100.0, "percent_covered_display": "100.00", "missing_lines": 0, "excluded_lines": 0}, "missing_lines": [], "excluded_lines": []}}, "classes": {"CallbackTask": {"executed_lines": [26, 30], "summary": {"covered_lines": 2, "num_statements": 2, "percent_covered": 100.0, "percent_covered_display": "100.00", "missing_lines": 0, "excluded_lines": 0}, "missing_lines": [], "excluded_lines": []}, "": {"executed_lines": [1, 3, 4, 5, 6, 7, 8, 10, 11, 13, 14, 15, 16, 18, 21, 22, 24, 28, 33, 34, 36, 38, 39, 41, 60, 61, 62, 65, 66, 68, 70, 71, 73, 97, 98, 99, 102, 103, 105, 107, 108, 110, 129, 130, 131, 134, 135, 137, 139, 140, 141, 144, 145, 151, 168, 169, 170, 173, 174, 176, 178, 179, 181, 183, 184, 185, 187, 188, 189, 192, 193, 195, 197, 198, 199, 202, 226, 227, 228, 231, 232, 234, 236, 237, 239, 240, 241, 243, 245, 246, 257, 259, 271, 272, 274, 276, 277, 279, 281, 282, 283, 322, 323, 325, 327, 328, 330, 331, 334, 335, 338, 339, 342, 343, 344, 348, 367, 376, 377, 378], "summary": {"covered_lines": 118, "num_statements": 203, "percent_covered": 58.12807881773399, "percent_covered_display": "58.13", "missing_lines": 85, "excluded_lines": 0}, "missing_lines": [43, 45, 47, 48, 50, 51, 52, 53, 54, 56, 58, 80, 82, 84, 85, 87, 88, 89, 90, 91, 93, 95, 112, 114, 116, 117, 119, 120, 121, 122, 123, 125, 127, 152, 155, 156, 157, 162, 164, 166, 186, 196, 203, 205, 212, 214, 215, 216, 217, 218, 220, 222, 224, 247, 248, 251, 252, 253, 254, 255, 266, 267, 268, 286, 287, 290, 301, 302, 304, 306, 308, 310, 312, 314, 315, 317, 318, 319, 345, 346, 368, 369, 370, 372, 374], "excluded_lines": []}}}, "src/refnet_shared/utils/__init__.py": {"executed_lines": [1, 3, 4, 5, 7, 9, 12, 15, 21, 22, 34, 45, 53, 55, 58, 60, 63, 64, 67, 68, 69, 71, 72, 75, 77], "summary": {"covered_lines": 24, "num_statements": 24, "percent_covered": 100.0, "percent_covered_display": "100.00", "missing_lines": 0, "excluded_lines": 0}, "missing_lines": [], "excluded_lines": [], "functions": {"setup_logging": {"executed_lines": [15, 21, 22, 34, 45], "summary": {"covered_lines": 5, "num_statements": 5, "percent_covered": 100.0, "percent_covered_display": "100.00", "missing_lines": 0, "excluded_lines": 0}, "missing_lines": [], "excluded_lines": []}, "get_lo
[...]
xcluded_lines": 0}, "missing_lines": [382, 401, 402, 408, 427, 428], "excluded_lines": []}}}, "src/refnet_shared/utils/config_utils.py": {"executed_lines": [1, 3, 4, 5, 6, 8, 11, 13, 16, 18, 19, 21, 22, 25, 26, 29, 30, 31, 32, 33, 34, 35, 36, 39, 40, 43, 45, 75, 76, 79, 81, 102, 103, 104, 106], "summary": {"covered_lines": 34, "num_statements": 34, "percent_covered": 100.0, "percent_covered_display": "100.00", "missing_lines": 0, "excluded_lines": 0}, "missing_lines": [], "excluded_lines": [], "functions": {"get_env_file_path": {"executed_lines": [13], "summary": {"covered_lines": 1, "num_statements": 1, "percent_covered": 100.0, "percent_covered_display": "100.00", "missing_lines": 0, "excluded_lines": 0}, "missing_lines": [], "excluded_lines": []}, "create_env_file_from_template": {"executed_lines": [18, 19, 21, 22, 25, 26, 29, 30, 31, 32, 33, 34, 35, 36, 39, 40], "summary": {"covered_lines": 16, "num_statements": 16, "percent_covered": 100.0, "percent_covered_display": "100.00", "missing_lines": 0, "excluded_lines": 0}, "missing_lines": [], "excluded_lines": []}, "export_settings_to_json": {"executed_lines": [45, 75, 76], "summary": {"covered_lines": 3, "num_statements": 3, "percent_covered": 100.0, "percent_covered_display": "100.00", "missing_lines": 0, "excluded_lines": 0}, "missing_lines": [], "excluded_lines": []}, "check_required_env_vars": {"executed_lines": [81, 102, 103, 104, 106], "summary": {"covered_lines": 5, "num_statements": 5, "percent_covered": 100.0, "percent_covered_display": "100.00", "missing_lines": 0, "excluded_lines": 0}, "missing_lines": [], "excluded_lines": []}, "": {"executed_lines": [1, 3, 4, 5, 6, 8, 11, 16, 43, 79], "summary": {"covered_lines": 9, "num_statements": 9, "percent_covered": 100.0, "percent_covered_display": "100.00", "missing_lines": 0, "excluded_lines": 0}, "missing_lines": [], "excluded_lines": []}}, "classes": {"": {"executed_lines": [1, 3, 4, 5, 6, 8, 11, 13, 16, 18, 19, 21, 22, 25, 26, 29, 30, 31, 32, 33, 34, 35, 36, 39, 40, 43, 45, 75, 76, 79, 81, 102, 103, 104, 106], "summary": {"covered_lines": 34, "num_statements": 34, "percent_covered": 100.0, "percent_covered_display": "100.00", "missing_lines": 0, "excluded_lines": 0}, "missing_lines": [], "excluded_lines": []}}}, "src/refnet_shared/utils/metrics.py": {"executed_lines": [1, 3, 4, 6, 7, 9, 12, 14, 16, 18, 20, 22, 24, 27, 33, 39, 46, 47, 49, 50, 52, 53, 55, 56, 58, 59, 60, 62, 63, 65, 67, 68, 69, 71, 72, 74, 76, 77, 79, 80, 81, 83, 84, 86, 88, 89, 91, 95, 96, 98, 99, 101, 102, 103, 104, 106, 108, 109, 110, 111, 113, 115, 117], "summary": {"covered_lines": 60, "num_statements": 60, "percent_covered": 100.0, "percent_covered_display": "100.00", "missing_lines": 0, "excluded_lines": 0}, "missing_lines": [], "excluded_lines": [], "functions": {"MetricsCollector.track_request": {"executed_lines": [52, 53], "summary": {"covered_lines": 2, "num_statements": 2, "percent_covered": 100.0, "percent_covered_display": "100.00", "missing_lines": 0, "excluded_lines": 0}, "missing_lines": [], "excluded_lines": []}, "MetricsCollector.track_task": {"executed_lines": [58, 59, 60], "summary": {"covered_lines": 3, "num_statements": 3, "percent_covered": 100.0, "percent_covered_display": "100.00", "missing_lines": 0, "excluded_lines": 0}, "missing_lines": [], "excluded_lines": []}, "MetricsCollector.update_paper_counts": {"executed_lines": [65, 67, 68, 69], "summary": {"covered_lines": 4, "num_statements": 4, "percent_covered": 100.0, "percent_covered_display": "100.00", "missing_lines": 0, "excluded_lines": 0}, "missing_lines": [], "excluded_lines": []}, "MetricsCollector.update_db_connections": {"executed_lines": [74], "summary": {"covered_lines": 1, "num_statements": 1, "percent_covered": 100.0, "percent_covered_display": "100.00", "missing_lines": 0, "excluded_lines": 0}, "missing_lines": [], "excluded_lines": []}, "MetricsCollector.track_celery_task": {"executed_lines": [79, 80, 81], "summary": {"covered_lines": 3, "num_statements": 3, "percent_covered": 100.0, "percent_covered_display": "100.00", "missing_lines": 0, "excluded_lines": 0}, "missing_lines": [], "excluded_lines": []}, "MetricsCollector.track_beat_schedule": {"executed_lines": [86], "summary": {"covered_lines": 1, "num_statements": 1, "percent_covered": 100.0, "percent_covered_display": "100.00", "missing_lines": 0, "excluded_lines": 0}, "missing_lines": [], "excluded_lines": []}, "MetricsCollector.get_metrics": {"executed_lines": [91], "summary": {"covered_lines": 1, "num_statements": 1, "percent_covered": 100.0, "percent_covered_display": "100.00", "missing_lines": 0, "excluded_lines": 0}, "missing_lines": [], "excluded_lines": []}, "PrometheusMiddleware.__init__": {"executed_lines": [99], "summary": {"covered_lines": 1, "num_statements": 1, "percent_covered": 100.0, "percent_covered_display": "100.00", "missing_lines": 0, "excluded_lines": 0}, "missing_lines": [], "excluded_lines": []}, "PrometheusMiddleware.__call__": {"executed_lines": [102, 103, 104, 106, 108, 117], "summary": {"covered_lines": 6, "num_statements": 6, "percent_covered": 100.0, "percent_covered_display": "100.00", "missing_lines": 0, "excluded_lines": 0}, "missing_lines": [], "excluded_lines": []}, "PrometheusMiddleware.__call__.send_wrapper": {"executed_lines": [109, 110, 111, 113, 115], "summary": {"covered_lines": 5, "num_statements": 5, "percent_covered": 100.0, "percent_covered_display": "100.00", "missing_lines": 0, "excluded_lines": 0}, "missing_lines": [], "excluded_lines": []}, "": {"executed_lines": [1, 3, 4, 6, 7, 9, 12, 14, 16, 18, 20, 22, 24, 27, 33, 39, 46, 47, 49, 50, 55, 56, 62, 63, 71, 72, 76, 77, 83, 84, 88, 89, 95, 96, 98, 101], "summary": {"covered_lines": 33, "num_statements": 33, "percent_covered": 100.0, "percent_covered_display": "100.00", "missing_lines": 0, "excluded_lines": 0}, "missing_lines": [], "excluded_lines": []}}, "classes": {"MetricsCollector": {"executed_lines": [52, 53, 58, 59, 60, 65, 67, 68, 69, 74, 79, 80, 81, 86, 91], "summary": {"covered_lines": 15, "num_statements": 15, "percent_covered": 100.0, "percent_covered_display": "100.00", "missing_lines": 0, "excluded_lines": 0}, "missing_lines": [], "excluded_lines": []}, "PrometheusMiddleware": {"executed_lines": [99, 102, 103, 104, 106, 108, 109, 110, 111, 113, 115, 117], "summary": {"covered_lines": 12, "num_statements": 12, "percent_covered": 100.0, "percent_covered_display": "100.00", "missing_lines": 0, "excluded_lines": 0}, "missing_lines": [], "excluded_lines": []}, "": {"executed_lines": [1, 3, 4, 6, 7, 9, 12, 14, 16, 18, 20, 22, 24, 27, 33, 39, 46, 47, 49, 50, 55, 56, 62, 63, 71, 72, 76, 77, 83, 84, 88, 89, 95, 96, 98, 101], "summary": {"covered_lines": 33, "num_statements": 33, "percent_covered": 100.0, "percent_covered_display": "100.00", "missing_lines": 0, "excluded_lines": 0}, "missing_lines": [], "excluded_lines": []}}}, "src/refnet_shared/utils/migration_utils.py": {"executed_lines": [1, 3, 4, 5, 6, 7, 9, 11, 12, 13, 14, 15, 16, 17, 19, 22, 23, 25, 27, 29, 31, 33, 35, 36, 38, 39, 42, 44, 46, 47, 49, 50, 52, 61, 62, 63, 65, 67, 68, 69, 72, 73, 74, 76, 78, 79, 80, 83, 84, 85, 87, 89, 90, 91, 95, 96, 97, 99, 101, 102, 103, 105, 106, 115, 117, 118, 119, 121, 123, 125, 127, 128, 131, 132, 133, 136, 137, 138, 140, 141, 142, 143, 144, 145, 146, 148, 149, 150, 151, 153, 154, 156, 157, 158, 159, 160, 161, 163, 165, 167, 168, 170, 171, 174, 177, 181, 182, 183, 185, 226], "summary": {"covered_lines": 108, "num_statements": 136, "percent_covered": 79.41176470588235, "percent_covered_display": "79.41", "missing_lines": 28, "excluded_lines": 0}, "missing_lines": [55, 56, 58, 59, 70, 81, 92, 93, 179, 187, 188, 189, 191, 192, 193, 196, 207, 208, 209, 211, 213, 214, 215, 217, 218, 220, 221, 222], "excluded_lines": [], "functions": {"MigrationManager.__init__": {"executed_lines": [27, 29, 31, 33, 35, 36, 38, 39, 42], "summary": {"covered_lines": 9, "num_statements": 9, "percent_covered": 100.0, "percent_covered_display": "100.00", "missing_lines": 0, "excluded_lines": 0}, "missing_lines": [], "excluded_lines": []}, "MigrationManager.create_migration": {"executed_lines": [46, 47, 49, 50, 52, 61, 62, 63], "summary": {"covered_lines": 8, "num_statements": 12, "percent_covered": 66.66666666666667, "percent_covered_display": "66.67", "missing_lines": 4, "excluded_lines": 0}, "missing_lines": [55, 56, 58, 59], "excluded_lines": []}, "MigrationManager.run_migrations": {"executed_lines": [67, 68, 69, 72, 73, 74], "summary": {"covered_lines": 6, "num_statements": 7, "percent_covered": 85.71428571428571, "percent_covered_display": "85.71", "missing_lines": 1, "excluded_lines": 0}, "missing_lines": [70], "excluded_lines": []}, "MigrationManager.downgrade": {"executed_lines": [78, 79, 80, 83, 84, 85], "summary": {"covered_lines": 6, "num_statements": 7, "percent_covered": 85.71428571428571, "percent_covered_display": "85.71", "missing_lines": 1, "excluded_lines": 0}, "missing_lines": [81], "excluded_lines": []}, "MigrationManager.get_current_revision": {"executed_lines": [89, 90, 91, 95, 96, 97], "summary": {"covered_lines": 6, "num_statements": 8, "percent_covered": 75.0, "percent_covered_display": "75.00", "missing_lines": 2, "excluded_lines": 0}, "missing_lines": [92, 93], "excluded_lines": []}, "MigrationManager.get_migration_history": {"executed_lines": [101, 102, 103, 105, 106, 115, 117, 118, 119], "summary": {"covered_lines": 9, "num_statements": 9, "percent_covered": 100.0, "percent_covered_display": "100.00", "missing_lines": 0, "excluded_lines": 0}, "missing_lines": [], "excluded_lines": []}, "MigrationManager.validate_migrations": {"executed_lines": [123, 125, 127, 128, 131, 132, 133, 136, 137, 138, 140, 141, 142, 143, 144, 145, 146, 148, 149, 150, 151, 153, 154, 156, 157, 158, 159, 160, 161, 163], "summary": {"covered_lines": 30, "num_statements": 30, "percent_covered": 100.0, "percent_covered_display": "100.00", "missing_lines": 0, "excluded_lines": 0}, "missing_lines": [], "excluded_lines": []}, "MigrationManager.reset_database": {"executed_lines": [167, 168, 170, 171, 174, 177, 181, 182, 183], "summary": {"covered_lines": 9, "num_statements": 10, "percent_covered": 90.0, "percent_covered_display": "90.00", "missing_lines": 1, "excluded_lines": 0}, "missing_lines": [179], "excluded_lines": []}, "MigrationManager.backup_before_migration": {"executed_lines": [], "summary": {"covered_lines": 0, "num_statements": 19, "percent_covered": 0.0, "percent_covered_display": "0.00", "missing_lines": 19, "excluded_lines": 0}, "missing_lines": [187, 188, 189, 191, 192, 193, 196, 207, 208, 209, 211, 213, 214, 215, 217, 218, 220, 221, 222], "excluded_lines": []}, "": {"executed_lines": [1, 3, 4, 5, 6, 7, 9, 11, 12, 13, 14, 15, 16, 17, 19, 22, 23, 25, 44, 65, 76, 87, 99, 121, 165, 185, 226], "summary": {"covered_lines": 25, "num_statements": 25, "percent_covered": 100.0, "percent_covered_display": "100.00", "missing_lines": 0, "excluded_lines": 0}, "missing_lines": [], "excluded_lines": []}}, "classes": {"MigrationManager": {"executed_lines": [27, 29, 31, 33, 35, 36, 38, 39, 42, 46, 47, 49, 50, 52, 61, 62, 63, 67, 68, 69, 72, 73, 74, 78, 79, 80, 83, 84, 85, 89, 90, 91, 95, 96, 97, 101, 102, 103, 105, 106, 115, 117, 118, 119, 123, 125, 127, 128, 131, 132, 133, 136, 137, 138, 140, 141, 142, 143, 144, 145, 146, 148, 149, 150, 151, 153, 154, 156, 157, 158, 159, 160, 161, 163, 167, 168, 170, 171, 174, 177, 181, 182, 183], "summary": {"covered_lines": 83, "num_statements": 111, "percent_covered": 74.77477477477477, "percent_covered_display": "74.77", "missing_lines": 28, "excluded_lines": 0}, "missing_lines": [55, 56, 58, 59, 70, 81, 92, 93, 179, 187, 188, 189, 191, 192, 193, 196, 207, 208, 209, 211, 213, 214, 215, 217, 218, 220, 221, 222], "excluded_lines": []}, "": {"executed_lines": [1, 3, 4, 5, 6, 7, 9, 11, 12, 13, 14, 15, 16, 17, 19, 22, 23, 25, 44, 65, 76, 87, 99, 121, 165, 185, 226], "summary": {"covered_lines": 25, "num_statements": 25, "percent_covered": 100.0, "percent_covered_display": "100.00", "missing_lines": 0, "excluded_lines": 0}, "missing_lines": [], "excluded_lines": []}}}, "src/refnet_shared/utils/security_audit.py": {"executed_lines": [1, 8, 9, 10, 11, 12, 13, 15, 18, 19, 22, 23, 24, 25, 26, 29, 30, 31, 34, 35, 36, 37, 40, 41, 42, 43, 46, 47, 48, 49, 52, 53, 54, 57, 58, 60, 61, 62, 63, 66, 67, 69, 70, 71, 72, 75, 76, 77, 78, 79, 81, 123, 135, 149, 169, 191, 203, 216, 237, 238, 240, 241, 242, 243, 245, 258, 262, 266, 281, 282, 285, 287, 288, 292, 297], "summary": {"covered_lines": 70, "num_statements": 110, "percent_covered": 63.63636363636363, "percent_covered_display": "63.64", "missing_lines": 40, "excluded_lines": 0}, "missing_lines": [95, 111, 114, 115, 116, 117, 118, 119, 120, 121, 125, 139, 153, 154, 155, 156, 158, 180, 193, 205, 226, 247, 248, 249, 251, 253, 255, 256, 260, 264, 268, 269, 270, 272, 274, 276, 277, 289, 294, 299], "excluded_lines": [], "functions": {"SecurityAuditLogger.__init__": {"executed_lines": [70, 71, 72, 75, 76, 77, 78, 79], "summary": {"covered_lines": 8, "num_statements": 8, "percent_covered": 100.0, "percent_covered_display": "100.00", "missing_lines": 0, "excluded_lines": 0}, "missing_lines": [], "excluded_lines": []}, "SecurityAuditLogger.log_security_event": {"executed_lines": [], "summary": {"covered_lines": 0, "num_statements": 10, "percent_covered": 0.0, "percent_covered_display": "0.00", "missing_lines": 10, "excluded_lines": 0}, "missing_lines": [95, 111, 114, 115, 116, 117, 118, 119, 120, 121], "excluded_lines": []}, "SecurityAuditLogger.log_auth_success": {"executed_lines": [], "summary": {"covered_lines": 0, "num_statements": 1, "percent_covered": 0.0, "percent_covered_display": "0.00", "missing_lines": 1, "excluded_lines": 0}, "missing_lines": [125], "excluded_lines": []}, "SecurityAuditLogger.log_auth_failure": {"executed_lines": [], "summary": {"covered_lines": 0, "num_statements": 1, "percent_covered": 0.0, "percent_covered_display": "0.00", "missing_lines": 1, "excluded_lines": 0}, "missing_lines": [139], "excluded_lines": []}, "SecurityAuditLogger.log_data_access": {"executed_lines": [], "summary": {"covered_lines": 0, "num_statements": 5, "percent_covered": 0.0, "percent_covered_display": "0.00", "missing_lines": 5, "excluded_lines": 0}, "missing_lines": [153, 154, 155, 156, 158], "excluded_lines": []}, "SecurityAuditLogger.log_suspicious_activity": {"executed_lines": [], "summary": {"covered_lines": 0, "num_statements": 1, "percent_covered": 0.0, "percent_covered_display": "0.00", "missing_lines": 1, "excluded_lines": 0}, "missing_lines": [180], "excluded_lines": []}, "SecurityAuditLogger.log_rate_limit_exceeded": {"executed_lines": [], "summary": {"covered_lines": 0, "num_statements": 1, "percent_covered": 0.0, "percent_covered_display": "0.00", "missing_lines": 1, "excluded_lines": 0}, "missing_lines": [193], "excluded_lines": []}, "SecurityAuditLogger.log_admin_action": {"executed_lines": [], "summary": {"covered_lines": 0, "num_statements": 1, "percent_covered": 0.0, "percent_covered_display": "0.00", "missing_lines": 1, "excluded_lines": 0}, "missing_lines": [205], "excluded_lines": []}, "SecurityAuditLogger.log_security_incident": {"executed_lines": [], "summary": {"covered_lines": 0, "num_statements": 1, "percent_covered": 0.0, "percent_covered_display": "0.00", "missing_lines": 1, "excluded_lines": 0}, "missing_lines": [226], "excluded_lines": []}, "SecurityMetrics.__init__": {"executed_lines": [241, 242, 243], "summary": {"covered_lines": 3, "num_statements": 3, "percent_covered": 100.0, "percent_covered_display": "100.00", "missing_lines": 0, "excluded_lines": 0}, "missing_lines": [], "excluded_lines": []}, "SecurityMetrics.track_failed_auth": {"executed_lines": [], "summary": {"covered_lines": 0, "num_statements": 7, "percent_covered": 0.0, "percent_covered_display": "0.00", "missing_lines": 7, "excluded_lines": 0}, "missing_lines": [247, 248, 249, 251, 253, 255, 256], "excluded_lines": []}, "SecurityMetrics.is_suspicious_ip": {"executed_lines": [], "summary": {"covered_lines": 0, "num_statements": 1, "percent_covered": 0.0, "percent_covered_display": "0.00", "missing_lines": 1, "excluded_lines": 0}, "missing_lines": [260], "excluded_lines": []}, "SecurityMetrics.mark_suspicious_ip": {"executed_lines": [], "summary": {"covered_lines": 0, "num_statements": 1, "percent_covered": 0.0, "percent_covered_display": "0.00", "missing_lines": 1, "excluded_lines": 0}, "missing_lines": [264], "excluded_lines": []}, "SecurityMetrics.track_rate_limit_violation": {"executed_lines": [], "summary": {"covered_lines": 0, "num_statements": 7, "percent_covered": 0.0, "percent_covered_display": "0.00", "missing_lines": 7, "excluded_lines": 0}, "missing_lines": [268, 269, 270, 272, 274, 276, 277], "excluded_lines": []}, "get_security_logger": {"executed_lines": [287, 288], "summary": {"covered_lines": 2, "num_statements": 3, "percent_covered": 66.66666666666667, "percent_covered_display": "66.67", "missing_lines": 1, "excluded_lines": 0}, "missing_lines": [289], "excluded_lines": []}, "get_security_metrics": {"executed_lines": [], "summary": {"covered_lines": 0, "num_statements": 1, "percent_covered": 0.0, "percent_covered_display": "0.00", "missing_lines": 1, "excluded_lines": 0}, "missing_lines": [294], "excluded_lines": []}, "log_security_event": {"executed_lines": [], "summary": {"covered_lines": 0, "num_statements": 1, "percent_covered": 0.0, "percent_covered_display": "0.00", "missing_lines": 1, "excluded_lines": 0}, "missing_lines": [299], "excluded_lines": []}, "": {"executed_lines": [1, 8, 9, 10, 11, 12, 13, 15, 18, 19, 22, 23, 24, 25, 26, 29, 30, 31, 34, 35, 36, 37, 40, 41, 42, 43, 46, 47, 48, 49, 52, 53, 54, 57, 58, 60, 61, 62, 63, 66, 67, 69, 81, 123, 135, 149, 169, 191, 203, 216, 237, 238, 240, 245, 258, 262, 266, 281, 282, 285, 292, 297], "summary": {"covered_lines": 57, "num_statements": 57, "percent_covered": 100.0, "percent_covered_display": "100.00", "missing_lines": 0, "excluded_lines": 0}, "missing_lines": [], "excluded_lines": []}}, "classes": {"SecurityEventType": {"executed_lines": [], "summary": {"covered_lines": 0, "num_statements": 0, "percent_covered": 100.0, "percent_covered_display": "100.00", "missing_lines": 0, "excluded_lines": 0}, "missing_lines": [], "excluded_lines": []}, "SecurityLevel": {"executed_lines": [], "summary": {"covered_lines": 0, "num_statements": 0, "percent_covered": 100.0, "percent_covered_display": "100.00", "missing_lines": 0, "excluded_lines": 0}, "missing_lines": [], "excluded_lines": []}, "SecurityAuditLogger": {"executed_lines": [70, 71, 72, 75, 76, 77, 78, 79], "summary": {"covered_lines": 8, "num_statements": 29, "percent_covered": 27.586206896551722, "percent_covered_display": "27.59", "missing_lines": 21, "excluded_lines": 0}, "missing_lines": [95, 111, 114, 115, 116, 117, 118, 119, 120, 121, 125, 139, 153, 154, 155, 156, 158, 180, 193, 205, 226], "excluded_lines": []}, "SecurityMetrics": {"executed_lines": [241, 242, 243], "summary": {"covered_lines": 3, "num_statements": 19, "percent_covered": 15.789473684210526, "percent_covered_display": "15.79", "missing_lines": 16, "excluded_lines": 0}, "missing_lines": [247, 248, 249, 251, 253, 255, 256, 260, 264, 268, 269, 270, 272, 274, 276, 277], "excluded_lines": []}, "": {"executed_lines": [1, 8, 9, 10, 11, 12, 13, 15, 18, 19, 22, 23, 24, 25, 26, 29, 30, 31, 34, 35, 36, 37, 40, 41, 42, 43, 46, 47, 48, 49, 52, 53, 54, 57, 58, 60, 61, 62, 63, 66, 67, 69, 81, 123, 135, 149, 169, 191, 203, 216, 237, 238, 240, 245, 258, 262, 266, 281, 282, 285, 287, 288, 292, 297], "summary": {"covered_lines": 59, "num_statements": 62, "percent_covered": 95.16129032258064, "percent_covered_display": "95.16", "missing_lines": 3, "excluded_lines": 0}, "missing_lines": [289, 294, 299], "excluded_lines": []}}}}, "totals": {"covered_lines": 1715, "num_statements": 2072, "percent_covered": 82.77027027027027, "percent_covered_display": "82.77", "missing_lines": 357, "excluded_lines": 0}}
