{"meta": {"format": 3, "version": "7.9.2", "timestamp": "2025-07-12T23:22:58.333821", "branch_coverage": false, "show_contexts": false}, "files": {"src/refnet_generator/__init__.py": {"executed_lines": [1, 3], "summary": {"covered_lines": 1, "num_statements": 1, "percent_covered": 100.0, "percent_covered_display": "100.00", "missing_lines": 0, "excluded_lines": 0}, "missing_lines": [], "excluded_lines": [], "functions": {"": {"executed_lines": [1, 3], "summary": {"covered_lines": 1, "num_statements": 1, "percent_covered": 100.0, "percent_covered_display": "100.00", "missing_lines": 0, "excluded_lines": 0}, "missing_lines": [], "excluded_lines": []}}, "classes": {"": {"executed_lines": [1, 3], "summary": {"covered_lines": 1, "num_statements": 1, "percent_covered": 100.0, "percent_covered_display": "100.00", "missing_lines": 0, "excluded_lines": 0}, "missing_lines": [], "excluded_lines": []}}}, "src/refnet_generator/celery_app.py": {"executed_lines": [1, 3, 6], "summary": {"covered_lines": 2, "num_statements": 2, "percent_covered": 100.0, "percent_covered_display": "100.00", "missing_lines": 0, "excluded_lines": 0}, "missing_lines": [], "excluded_lines": [], "functions": {"": {"executed_lines": [1, 3, 6], "summary": {"covered_lines": 2, "num_statements": 2, "percent_covered": 100.0, "percent_covered_display": "100.00", "missing_lines": 0, "excluded_lines": 0}, "missing_lines": [], "excluded_lines": []}}, "classes": {"": {"executed_lines": [1, 3, 6], "summary": {"covered_lines": 2, "num_statements": 2, "percent_covered": 100.0, "percent_covered_display": "100.00", "missing_lines": 0, "excluded_lines": 0}, "missing_lines": [], "excluded_lines": []}}}, "src/refnet_generator/formatters/__init__.py": {"executed_lines": [], "summary": {"covered_lines": 0, "num_statements": 0, "percent_covered": 100.0, "percent_covered_display": "100.00", "missing_lines": 0, "excluded_lines": 0}, "missing_lines": [], "excluded_lines": [], "functions": {"": {"executed_lines": [], "summary": {"covered_lines": 0, "num_statements": 0, "percent_covered": 100.0, "percent_covered_display": "100.00", "missing_lines": 0, "excluded_lines": 0}, "missing_lines": [], "excluded_lines": []}}, "classes": {"": {"executed_lines": [], "summary": {"covered_lines": 0, "num_statements": 0, "percent_covered": 100.0, "percent_covered_display": "100.00", "missing_lines": 0, "excluded_lines": 0}, "missing_lines": [], "excluded_lines": []}}}, "src/refnet_generator/main.py": {"executed_lines": [1, 3, 5, 7, 10, 12, 13, 14, 17], "summary": {"covered_lines": 8, "num_statements": 9, "percent_covered": 88.88888888888889, "percent_covered_display": "88.89", "missing_lines": 1, "excluded_lines": 0}, "missing_lines": [18], "excluded_lines": [], "functions": {"main": {"executed_lines": [12, 13, 14], "summary": {"covered_lines": 3, "num_statements": 3, "percent_covered": 100.0, "percent_covered_display": "100.00", "missing_lines": 0, "excluded_lines": 0}, "missing_lines": [], "excluded_lines": []}, "": {"executed_lines": [1, 3, 5, 7, 10, 17], "summary": {"covered_lines": 5, "num_statements": 6, "percent_covered": 83.33333333333333, "percent_covered_display": "83.33", "missing_lines": 1, "excluded_lines": 0}, "missing_lines": [18], "excluded_lines": []}}, "classes": {"": {"executed_lines": [1, 3, 5, 7, 10, 12, 13, 14, 17], "summary": {"covered_lines": 8, "num_statements": 9, "percent_covered": 88.88888888888889, "percent_covered_display": "88.89", "missing_lines": 1, "excluded_lines": 0}, "missing_lines": [18], "excluded_lines": []}}}, "src/refnet_generator/services/__init__.py": {"executed_lines": [0], "summary": {"covered_lines": 0, "num_statements": 0, "percent_covered": 100.0, "percent_covered_display": "100.00", "missing_lines": 0, "excluded_lines": 0}, "missing_lines": [], "excluded_lines": [], "functions": {"": {"executed_lines": [], "summary": {"covered_lines": 0, "num_statements": 0, "percent_covered": 100.0, "percent_covered_display": "100.00", "missing_lines": 0, "excluded_lines": 0}, "missing_lines": [], "excluded_lines": []}}, "classes": {"": {"executed_lines": [], "summary": {"covered_lines": 0, "num_statements": 0, "percent_covered": 100.0, "percent_covered_display": "100.00", "missing_lines": 0, "excluded_lines": 0}, "missing_lines": [], "excluded_lines": []}}}, "src/refnet_generator/services/generator_service.py": {"executed_lines": [1, 3, 4, 6, 7, 8, 9, 10, 11, 12, 14, 15, 18, 19, 21, 23, 24, 25, 26, 28, 57, 59, 60, 62, 63, 64, 65, 68, 71, 74, 76, 77, 79, 80, 81, 83, 86, 91, 98, 106, 107, 116, 117, 118, 120, 122, 125, 128, 131, 140, 141, 148, 156, 157, 165, 166, 167, 169, 171, 174, 183, 192, 193, 196, 197, 198, 200], "summary": {"covered_lines": 65, "num_statements": 74, "percent_covered": 87.83783783783784, "percent_covered_display": "87.84", "missing_lines": 9, "excluded_lines": 0}, "missing_lines": [32, 34, 37, 38, 46, 47, 49, 50, 55], "excluded_lines": [], "functions": {"GeneratorService.__init__": {"executed_lines": [23, 24, 25, 26], "summary": {"covered_lines": 4, "num_statements": 4, "percent_covered": 100.0, "percent_covered_display": "100.00", "missing_lines": 0, "excluded_lines": 0}, "missing_lines": [], "excluded_lines": []}, "GeneratorService.generate_paper_markdown_sync": {"executed_lines": [], "summary": {"covered_lines": 0, "num_statements": 9, "percent_covered": 0.0, "percent_covered_display": "0.00", "missing_lines": 9, "excluded_lines": 0}, "missing_lines": [32, 34, 37, 38, 46, 47, 49, 50, 55], "excluded_lines": []}, "GeneratorService.generate_markdown": {"executed_lines": [59, 60, 62, 63, 64, 65, 68, 71, 74, 76, 77, 79, 80, 81], "summary": {"covered_lines": 14, "num_statements": 14, "percent_covered": 100.0, "percent_covered_display": "100.00", "missing_lines": 0, "excluded_lines": 0}, "missing_lines": [], "excluded_lines": []}, "GeneratorService._generate_paper_markdown": {"executed_lines": [86, 91, 98, 106, 107, 116, 117, 118, 120], "summary": {"covered_lines": 9, "num_statements": 9, "percent_covered": 100.0, "percent_covered_display": "100.00", "missing_lines": 0, "excluded_lines": 0}, "missing_lines": [], "excluded_lines": []}, "GeneratorService._generate_network_diagram": {"executed_lines": [125, 128, 131, 140, 141, 148, 156, 157, 165, 166, 167, 169], "summary": {"covered_lines": 12, "num_statements": 12, "percent_covered": 100.0, "percent_covered_display": "100.00", "missing_lines": 0, "excluded_lines": 0}, "missing_lines": [], "excluded_lines": []}, "GeneratorService._update_index_file": {"executed_lines": [174, 183, 192, 193, 196, 197, 198, 200], "summary": {"covered_lines": 8, "num_statements": 8, "percent_covered": 100.0, "percent_covered_display": "100.00", "missing_lines": 0, "excluded_lines": 0}, "missing_lines": [], "excluded_lines": []}, "": {"executed_lines": [1, 3, 4, 6, 7, 8, 9, 10, 11, 12, 14, 15, 18, 19, 21, 28, 57, 83, 122, 171], "summary": {"covered_lines": 18, "num_statements": 18, "percent_covered": 100.0, "percent_covered_display": "100.00", "missing_lines": 0, "excluded_lines": 0}, "missing_lines": [], "excluded_lines": []}}, "classes": {"GeneratorService": {"executed_lines": [23, 24, 25, 26, 59, 60, 62, 63, 64, 65, 68, 71, 74, 76, 77, 79, 80, 81, 86, 91, 98, 106, 107, 116, 117, 118, 120, 125, 128, 131, 140, 141, 148, 156, 157, 165, 166, 167, 169, 174, 183, 192, 193, 196, 197, 198, 200], "summary": {"covered_lines": 47, "num_statements": 56, "percent_covered": 83.92857142857143, "percent_covered_display": "83.93", "missing_lines": 9, "excluded_lines": 0}, "missing_lines": [32, 34, 37, 38, 46, 47, 49, 50, 55], "excluded_lines": []}, "": {"executed_lines": [1, 3, 4, 6, 7, 8, 9, 10, 11, 12, 14, 15, 18, 19, 21, 28, 57, 83, 122, 171], "summary": {"covered_lines": 18, "num_statements": 18, "percent_covered": 100.0, "percent_covered_display": "100.00", "missing_lines": 0, "excluded_lines": 0}, "missing_lines": [], "excluded_lines": []}}}, "src/refnet_generator/tasks/__init__.py": {"executed_lines": [1, 3, 5, 6, 7, 9, 11, 12, 15, 23, 37, 38, 40, 42, 46, 47, 48, 49, 50, 51, 52, 55, 56, 58, 60, 61, 62, 63, 65], "summary": {"covered_lines": 28, "num_statements": 30, "percent_covered": 93.33333333333333, "percent_covered_display": "93.33", "missing_lines": 2, "excluded_lines": 0}, "missing_lines": [43, 44], "excluded_lines": [], "functions": {"generate_markdown_task": {"executed_lines": [40, 42, 46, 47, 48, 49, 50, 51, 52], "summary": {"covered_lines": 9, "num_statements": 9, "percent_covered": 100.0, "percent_covered_display": "100.00", "missing_lines": 0, "excluded_lines": 0}, "missing_lines": [], "excluded_lines": []}, "generate_markdown_task._generate": {"executed_lines": [], "summary": {"covered_lines": 0, "num_statements": 2, "percent_covered": 0.0, "percent_covered_display": "0.00", "missing_lines": 2, "excluded_lines": 0}, "missing_lines": [43, 44], "excluded_lines": []}, "batch_generate_task": {"executed_lines": [58, 60, 61, 62, 63, 65], "summary": {"covered_lines": 6, "num_statements": 6, "percent_covered": 100.0, "percent_covered_display": "100.00", "missing_lines": 0, "excluded_lines": 0}, "missing_lines": [], "excluded_lines": []}, "": {"executed_lines": [1, 3, 5, 6, 7, 9, 11, 12, 15, 23, 37, 38, 55, 56], "summary": {"covered_lines": 13, "num_statements": 13, "percent_covered": 100.0, "percent_covered_display": "100.00", "missing_lines": 0, "excluded_lines": 0}, "missing_lines": [], "excluded_lines": []}}, "classes": {"": {"executed_lines": [1, 3, 5, 6, 7, 9, 11, 12, 15, 23, 37, 38, 40, 42, 46, 47, 48, 49, 50, 51, 52, 55, 56, 58, 60, 61, 62, 63, 65], "summary": {"covered_lines": 28, "num_statements": 30, "percent_covered": 93.33333333333333, "percent_covered_display": "93.33", "missing_lines": 2, "excluded_lines": 0}, "missing_lines": [43, 44], "excluded_lines": []}}}, "src/refnet_generator/tasks/generate_task.py": {"executed_lines": [1, 3, 4, 5, 6, 8, 9, 10, 11, 12, 14, 16, 19, 20, 22, 23, 25, 37, 39, 41, 47, 48, 50, 51, 52, 56, 57, 59, 60, 61, 62, 63, 67, 75, 83, 84, 91, 92, 95, 98, 99, 100, 103, 104, 107, 108, 109, 112, 113, 115, 116, 129, 136, 137, 139, 140, 141], "summary": {"covered_lines": 56, "num_statements": 63, "percent_covered": 88.88888888888889, "percent_covered_display": "88.89", "missing_lines": 7, "excluded_lines": 0}, "missing_lines": [53, 117, 118, 119, 120, 122, 142], "excluded_lines": [], "functions": {"generate_pending_markdowns": {"executed_lines": [22, 23, 25, 37, 39, 41, 47, 48, 50, 51, 52], "summary": {"covered_lines": 11, "num_statements": 12, "percent_covered": 91.66666666666667, "percent_covered_display": "91.67", "missing_lines": 1, "excluded_lines": 0}, "missing_lines": [53], "excluded_lines": []}, "generate_markdown": {"executed_lines": [59, 60, 61, 62, 63, 67, 75, 83, 84, 91, 92, 95, 98, 99, 100, 103, 104, 107, 108, 109, 112, 113, 115, 116, 129, 136, 137, 139, 140, 141], "summary": {"covered_lines": 30, "num_statements": 36, "percent_covered": 83.33333333333333, "percent_covered_display": "83.33", "missing_lines": 6, "excluded_lines": 0}, "missing_lines": [117, 118, 119, 120, 122, 142], "excluded_lines": []}, "": {"executed_lines": [1, 3, 4, 5, 6, 8, 9, 10, 11, 12, 14, 16, 19, 20, 56, 57], "summary": {"covered_lines": 15, "num_statements": 15, "percent_covered": 100.0, "percent_covered_display": "100.00", "missing_lines": 0, "excluded_lines": 0}, "missing_lines": [], "excluded_lines": []}}, "classes": {"": {"executed_lines": [1, 3, 4, 5, 6, 8, 9, 10, 11, 12, 14, 16, 19, 20, 22, 23, 25, 37, 39, 41, 47, 48, 50, 51, 52, 56, 57, 59, 60, 61, 62, 63, 67, 75, 83, 84, 91, 92, 95, 98, 99, 100, 103, 104, 107, 108, 109, 112, 113, 115, 116, 129, 136, 137, 139, 140, 141], "summary": {"covered_lines": 56, "num_statements": 63, "percent_covered": 88.88888888888889, "percent_covered_display": "88.89", "missing_lines": 7, "excluded_lines": 0}, "missing_lines": [53, 117, 118, 119, 120, 122, 142], "excluded_lines": []}}}, "src/refnet_generator/templates/__init__.py": {"executed_lines": [], "summary": {"covered_lines": 0, "num_statements": 0, "percent_covered": 100.0, "percent_covered_display": "100.00", "missing_lines": 0, "excluded_lines": 0}, "missing_lines": [], "excluded_lines": [], "functions": {"": {"executed_lines": [], "summary": {"covered_lines": 0, "num_statements": 0, "percent_covered": 100.0, "percent_covered_display": "100.00", "missing_lines": 0, "excluded_lines": 0}, "missing_lines": [], "excluded_lines": []}}, "classes": {"": {"executed_lines": [], "summary": {"covered_lines": 0, "num_statements": 0, "percent_covered": 100.0, "percent_covered_display": "100.00", "missing_lines": 0, "excluded_lines": 0}, "missing_lines": [], "excluded_lines": []}}}}, "totals": {"covered_lines": 160, "num_statements": 179, "percent_covered": 89.3854748603352, "percent_covered_display": "89.39", "missing_lines": 19, "excluded_lines": 0}}
